3 167 39 219
4 168 213 287 173
3 34 128 250
3 99 222 66
3 108 29 51
3 54 244 182
3 184 64 100
3 216 102 55
3 275 40 205
3 110 254 223
3 180 28 98
3 87 122 265
3 41 174 115
3 164 202 145
3 116 241 67
3 8 157 152
3 88 185 43
3 72 239 192
3 4 268 252
3 299 82 112
3 286 158 297
3 0 96 31
3 80 26 106
3 134 146 17
3 7 86 196
3 103 204 280
3 296 284 266
3 24 3 155
4 212 214 10 247
3 85 14 242
3 249 217 78
3 246 121 142
3 210 209 215
3 75 282 289
3 62 258 126
3 220 50 104
3 161 207 288
3 294 243 30
3 159 236 120
3 13 195 262
3 162 191 251
3 92 111 59
3 148 295 176
3 133 68 12
3 203 253 231
3 193 11 228
3 127 117 186
3 276 170 154
3 58 61 270
3 259 109 194
3 136 298 46
3 95 177 279
3 137 22 37
3 260 27 71
3 150 73 135
3 227 163 47
3 56 89 229
3 144 160 97
3 107 140 9
3 225 269 233
3 218 197 143
3 171 76 272
3 263 93 52
3 105 6 240
3 187 190 293
3 74 237 69
3 38 90 1
3 267 48 206
3 261 42 189
3 273 114 178
3 125 118 84
3 198 291 257
3 18 147 123
3 44 83 175
3 19 45 130
3 15 23 256
3 290 271 141
3 285 70 94
3 60 235 153
3 57 81 132
3 200 283 278
3 63 25 77
3 113 138 165
3 129 101 49
3 166 5 169
2 53 35
3 232 248 2
3 226 124 208
3 79 199 151
3 245 139 183
2 91 20
3 21 131 211
2 32 16
3 156 119 149
2 230 181
2 188 238
2 281 264
3 277 201 274
2 224 255
2 172 292
