20 3156 3693 6575 5359 8876 9106 9789 2174 1913 2345 3788 3599 9858 9091 968 4434 783 1418 8669 4305
19 303 2520 6141 7135 2141 1592 5748 3007 4359 2850 7271 2044 2533 2367 3186 5946 274 2188 1107
23 4839 6004 4208 241 6579 4331 9046 1587 7321 6806 5962 740 4849 5992 5396 5288 7412 2943 4518 8966 7485 8013 7509
17 4094 563 9685 9729 8953 4758 3940 9801 8593 9594 9534 308 7317 2218 4267 5720 764
20 5497 3245 8614 4792 6582 2250 1047 4029 5323 7622 546 2295 4168 2721 460 7839 7359 3898 4484 3927
20 1335 9707 7759 9769 6987 2799 1443 3495 8283 2414 6593 6704 2572 5321 2978 6781 6878 7624 5633 6011
21 445 3541 8737 1276 4111 3462 4279 9629 3894 4137 5036 3726 2340 3100 5429 4265 6585 1822 7481 611 5798
19 3580 376 4200 1013 2270 7148 6927 250 9327 7273 2438 1960 2388 8393 8974 4199 6210 5499 9417
22 8703 5598 6160 1363 2686 1407 8506 7823 2626 744 4044 3593 9612 6353 8697 4609 7607 9148 3390 3415 1210 9967
18 1138 5719 9495 3646 4877 4854 5941 5031 2875 5132 4155 3079 9949 9280 289 1172 1659 4393
18 4059 1512 159 8644 3793 918 3159 1012 4356 1941 7674 8067 6341 6092 1187 1487 1085 5078
23 1992 6502 7451 9610 2641 2105 8774 8667 9881 7278 5567 275 305 7549 3953 3096 9428 1278 6546 416 3872 9638 9443
19 4377 8104 156 9238 7666 3461 3038 8438 4521 3401 515 4853 7492 9502 7026 7803 1654 7268 5542
18 2949 4171 1480 5885 2 1537 9043 10 801 1331 509 5327 3995 5846 5630 8166 6676 3286
18 606 2838 830 4653 2829 6200 7793 7626 1203 6277 8390 7777 8657 6979 5431 6315 5571 2862
18 3444 4502 2072 708 6584 8266 6601 8446 6552 3391 4919 449 1749 9587 5506 7244 2795 6623
20 7318 3196 9409 9820 4328 6615 601 9150 4369 1921 8220 4893 7797 7030 6787 6396 9656 7869 8778 1958
18 7429 9864 1406 1897 916 4624 8779 2732 8252 6929 9356 5277 2149 2443 3715 5002 1740 1507
19 8292 3148 7092 2140 6884 7810 7077 3228 9175 1302 4932 2506 6472 9064 2616 1296 4333 3387 1732
19 4435 7692 9341 1232 5082 1299 8693 230 2084 6359 8416 6561 6619 5772 3452 8141 2158 2494 480
22 8630 9166 1384 95 7569 2482 9923 2537 4045 4718 4423 8883 9092 4089 6174 3379 1183 5316 3023 759 1360 3984
18 9084 8642 1142 9912 3436 2244 9395 6061 3501 8584 895 7819 5378 1036 3162 1318 4817 7133
20 8518 5615 1111 4875 3050 3921 6961 1455 7629 5092 9400 4964 9634 1566 6891 7584 420 2752 7044 5179
20 5018 6048 713 4130 1721 2731 4685 9075 6756 214 2205 2085 6554 4313 6231 5126 5109 7863 5068 901
21 9888 8489 1908 7445 6670 5569 6898 244 5692 6033 114 9367 5139 2705 3744 8186 2946 9010 4506 3380 6246
20 6807 2512 6186 248 3311 7226 4843 5240 1460 3550 3421 2611 356 7838 1600 1303 2354 2144 296 2953
21 9913 8868 1414 164 715 2455 5603 5163 8159 2955 7212 8524 6486 2918 1482 1728 103 9669 8083 3153 729
20 5299 9549 9546 138 4594 6848 2614 9335 8656 1325 9872 2328 1916 1762 4061 9343 8097 8714 3115 3081
20 1815 5766 7191 8739 7000 1804 1393 2960 7177 4526 2891 9285 2242 5328 9057 5560 1141 4631 2909 1288
20 9675 2941 3442 166 4704 5369 6633 2338 3879 8624 3701 1498 4575 6091 426 347 9095 2689 8891 2029
17 7952 4028 9526 2132 2714 9658 3924 5552 2154 1556 5217 8479 5146 3604 3273 1093 1691
17 2576 7572 2738 1206 6455 7513 7732 9821 8646 125 6232 8068 1334 9415 8676 4261 710
20 2296 2869 4882 8681 7988 4986 8827 7829 2505 6203 5372 9565 3761 1124 7538 9248 752 932 1195 4719
22 1209 5089 1843 6767 2787 3482 5879 6921 5188 3124 4979 5309 6262 9344 6077 2333 7970 6837 7981 2372 5587 7192
19 1664 8128 5695 2261 415 9800 6563 7417 4675 500 490 5993 2588 6436 3419 7973 5930 6445 573
20 3457 9654 6305 4807 9180 9871 9809 3583 658 5076 4739 701 9236 1298 4524 2726 2193 3094 5974 6539
19 1993 8449 6843 942 9817 4720 5366 1509 3266 7982 3177 4740 1125 4715 4462 5170 163 265 6693
17 190 775 1568 5709 8324 7999 7220 5041 3428 227 9900 9529 595 9961 1462 5364 5784
19 8271 8728 8155 8376 599 6672 6982 1920 6272 6380 4933 334 9260 7369 1026 5845 7315 7702 8558
18 6783 8586 3655 8653 5465 39 2228 8917 283 2068 3874 87 4283 6432 4134 3198 4160 4650
18 6135 9068 1637 5208 1041 6808 8763 2160 9704 4590 9155 9689 2775 5737 9241 9032 4735 4861
20 9020 6570 1723 2187 459 3317 4266 5367 9441 177 4748 6660 1389 8109 2703 2719 9193 6388 8638 9309
18 268 2999 493 7172 5306 1692 5093 2892 800 3085 6284 9964 6846 8769 637 1383 4971 7918
18 7293 7428 6216 9702 9433 4365 1199 8926 8512 4597 9919 6352 9170 2701 8724 1894 142 3458
20 5113 8338 3167 1500 5712 2061 2089 1861 1779 22 4343 9991 7961 496 6374 5643 6310 3327 1092 2890
17 6115 9626 6252 9981 7140 428 9012 7101 1458 9582 6427 7258 4126 1748 3627 8927 2868
19 1528 4194 3036 6985 5289 1534 2248 4372 4828 7072 1075 6928 5259 9157 4688 7604 8392 4281 8865
18 5192 41 4585 9497 7609 5214 3999 2033 930 5605 1461 6886 3577 2001 9783 8197 4977 579
18 920 3849 1620 1062 9631 2115 1628 1932 1165 1684 8733 3768 8140 2685 1812 5302 6045 859
18 2920 3840 29 4485 3584 8715 6062 2501 8896 3351 9593 1253 5298 9978 8286 1846 3407 299
20 84 8989 4063 3773 5892 9987 85 5375 8161 9447 4827 4881 5925 981 5209 2437 6005 9937 3545 7696
18 1492 4855 7494 934 9015 4636 8530 4880 5314 5261 7462 1954 28 2331 625 9389 6271 6872
19 4379 4056 5189 3270 6526 691 2556 3181 622 5872 4033 5107 9235 1964 822 9493 4993 1164 8345
19 7640 3112 832 2442 6013 4938 3534 3271 841 8844 6036 5691 345 8836 2460 1824 2929 7405 9719
21 677 2316 3170 9316 2275 1930 315 1031 104 7397 733 4096 6835 9727 8757 2833 1148 5392 8084 3956 361
19 7399 892 7020 3418 501 4209 812 2213 692 2413 7067 2906 213 2503 7297 6057 140 393 6390
20 2432 6849 7884 2008 6392 7876 2382 457 3905 621 7907 5430 3814 8256 7480 2779 4897 5814 5607 1704
20 5445 6607 8425 9140 422 9628 76 3251 9810 1449 7351 2668 2744 4999 450 974 3400 8701 7979 2658
18 3743 6199 6026 6746 2324 2000 4204 3498 319 8841 2674 77 3896 6281 3214 9818 2922 4399
20 9698 375 5381 9619 6098 7794 6625 2039 7933 6655 9945 1432 2229 3831 2925 9181 4459 5936 1928 7615
19 3527 8190 2180 292 1081 4270 2179 1937 668 2081 7331 8052 745 386 3600 7832 6257 9131 3048
18 1305 6220 91 6379 4003 3686 4801 7479 2256 5145 8604 5938 673 6732 3039 9786 868 1549
18 7320 4228 1221 9595 9065 6839 4924 6020 7665 6452 9163 7491 8764 5357 7892 3250 4771 8528
15 1978 719 4981 8534 3173 9132 2093 1243 569 5153 5740 1665 1696 5373 4554
18 6654 9680 1745 1250 5279 4940 1524 1741 4289 6337 2387 8051 6525 4943 6070 4236 4311 8971
17 3988 5601 9182 2907 9574 7296 6442 9867 4449 875 3258 3587 7132 8066 6847 9351 8905
18 8329 8588 5861 5662 5995 5021 7298 6863 1237 8912 1188 7128 614 5550 3280 6958 6782 9203
18 769 6922 8882 9303 7316 9179 1879 3796 453 1583 2459 6728 4598 4859 3923 5676 7855 9390
17 2106 9450 2981 3826 8300 8960 7081 7683 4710 9982 3282 5236 349 5787 4 4103 630
17 6456 2536 1441 2967 2082 3952 6741 7741 7573 9571 4073 4179 184 185 1720 3369 3950
18 6901 8792 4207 8629 8023 4008 3053 425 8933 3738 8852 3078 4487 2553 3304 7151 9977 6828
18 1438 6023 8585 5405 1294 4884 223 2580 9416 6240 2945 2672 3561 7596 5022 8863 1788 4908
20 7070 8112 9679 6491 5994 9790 4291 8903 821 7455 508 253 2757 6688 4995 1588 7427 1643 8862 3378
20 3253 2559 7710 9133 3370 4147 1796 9939 5878 3908 8692 7003 7944 8117 6651 6147 4457 6065 9781 5275
17 700 225 4677 1433 5184 9832 9079 1508 1885 2753 1117 6892 6528 3700 7642 9791 5461
17 3607 5751 1369 9463 9722 1783 6882 4786 3182 6785 4131 8315 1957 9446 7530 571 2148
19 9393 7190 1113 4602 6571 4050 5548 786 760 2447 330 9036 7439 8172 3677 5436 6233 5606 971
20 1178 2912 3623 7811 9611 6772 2613 7735 5106 6798 7529 2222 9470 6394 1133 9486 8322 6981 8802 8091
20 945 7114 6924 6698 2748 2885 6122 4159 1471 2398 484 5038 882 7774 2101 642 5401 7828 4923 7625
18 3471 8086 6402 3146 8179 5523 6708 5222 1338 3339 1505 9730 6449 9455 7431 1398 430 8069
19 4885 5516 380 2867 3851 7004 9950 9300 3101 6471 3968 8125 7488 9040 9646 2080 3497 1987 4531
17 1315 4659 1697 7931 6850 970 5675 4608 7689 7897 6313 5349 1490 4427 6522 5395 8443
19 8149 9846 5160 4652 7266 133 5658 8817 1886 8250 2560 2991 2201 1391 6796 4287 3447 7977 3322
18 1543 5025 7477 3453 2648 6900 7631 817 2971 7326 9085 503 4176 7821 1486 8541 1456 840
19 5424 4233 9511 6393 4141 4944 6558 521 878 1485 2452 577 2369 2995 1611 1274 8327 3464 7950
23 7475 24 6786 5295 245 9394 2235 494 4117 3451 5958 9652 1516 9665 5028 414 4102 4132 3563 5515 5339 5456 3275
19 6694 8856 1910 8187 671 6201 5838 4406 8889 3756 178 4342 7107 162 7885 5568 1287 944 8777
20 1066 3739 2706 8854 1415 1177 1357 7353 2232 7887 3895 5795 7780 9197 4896 4522 6079 9775 7593 5726
19 4309 3564 6024 168 6168 5500 8609 3939 7627 4512 9143 9310 4322 2514 2763 4567 7131 3804 6400
19 4214 6536 5409 6493 1800 2241 4046 3574 2264 9701 3137 7727 1631 2842 7806 855 7978 3522 5592
19 3572 842 9819 9623 2355 7085 1132 4064 7167 8937 8721 1063 2994 5770 1025 7144 447 9552 4178
18 6110 2112 4767 4099 2230 9278 1668 8233 4407 4037 9029 1678 7336 2827 778 8641 1881 4803
20 9216 896 7628 8207 5699 4318 5045 6643 924 7608 7006 237 6180 7199 3285 1291 3109 8626 8126 2816
18 6780 856 5304 1223 9319 5540 9649 1217 6162 5511 5231 5196 6810 5251 9653 1280 3535 5176
18 9544 1550 2661 7366 949 9160 8545 863 7552 4762 2466 7664 3355 8931 4737 4553 7302 925
19 6794 5955 2781 7224 7654 7066 6407 1597 5027 2341 5921 5199 2095 5546 6653 8765 6844 8552 124
22 9523 1170 9087 7889 1777 6340 7561 751 2599 3450 847 4746 2859 5590 1373 1797 6598 9200 4216 9056 6723 5819
19 3236 1189 7209 6641 6888 4344 716 6308 9724 7222 9062 7324 8655 5276 9998 9154 3488 1938 562
18 8024 3795 212 3615 3991 7341 8413 7370 7403 6469 3437 7547 4743 1214 4149 8658 8424 5916
22 9851 5576 5818 3160 8395 8800 5472 7237 997 4250 510 838 7796 3582 1806 331 4692 8295 8132 3000 6524 1336
18 157 513 1511 646 9613 150 1198 1466 5116 8687 3979 4831 9017 6435 1517 6481 3671 5410
18 9852 5234 3833 7380 1324 382 2284 5042 514 814 5793 9603 3165 9521 3485 6266 7358 1083
18 5744 4713 506 2927 8551 4426 2348 267 1911 116 9584 5206 478 111 7517 9431 5485 9243
19 7229 7934 3325 8766 3092 2444 7757 4942 8105 1856 2808 9758 3013 1618 1497 4075 3098 4145 2650
17 222 2651 7493 9968 1967 6730 5704 870 4244 8241 7902 9223 3071 9371 6827 4364 2409
20 4894 7243 6805 6757 6333 1402 3907 3261 1050 824 8289 9825 4627 8045 5468 5581 5058 3408 8199 9472
19 4833 6399 1595 2216 1121 2539 2702 4876 3212 3045 8742 121 6027 7545 8041 3983 5673 3787 3613
20 2356 4661 992 8848 9684 6865 6529 6059 6415 2780 904 3948 3707 3960 6211 9958 2683 811 4129 797
18 8509 6971 3663 8072 8682 5120 3992 3673 8030 3473 7340 7106 8092 9373 6592 4165 2594 6626
20 88 311 9345 4615 876 2332 5541 816 4430 1196 4535 1743 8537 7905 5355 858 7772 7976 4269 2554
18 9581 9042 8290 2467 6512 5394 3416 6747 4370 9583 4453 9006 2161 6028 1906 5148 8613 1157
18 3951 4017 8783 313 4699 2281 6803 7750 3299 1169 4409 8496 5943 1617 7995 6088 9413 9531
17 8175 3758 300 9362 4711 680 4276 4847 7923 1420 4574 5229 3143 9604 401 3911 1577
18 530 1630 1494 9735 5815 2754 9884 6856 9853 4304 5529 3352 5252 8391 7776 4570 6612 2750
17 4184 2385 3651 9586 5689 1907 1352 3997 2111 5114 7435 3142 1073 7801 2864 6230 1089
20 8204 7554 9473 6689 348 1838 2935 3867 2468 1686 9378 106 4912 2743 7652 5131 1155 911 9898 7168
22 2571 1869 1883 957 8021 6198 1980 6263 8761 4258 151 1671 9742 4262 429 8495 6998 2895 5318 2073 8196 4778
18 5890 3420 6316 7595 403 193 6208 2386 9225 874 7998 4533 363 8598 4660 6035 472 2251
18 3329 210 3122 5064 6078 4645 6030 6737 1457 7339 1946 8060 6386 2870 652 1147 7112 2671
20 6952 3605 6409 1755 2601 1345 9288 6414 27 4870 9975 468 7063 9518 860 8369 6176 2030 4378 4545
21 2917 3976 5218 8529 2399 3775 461 7912 3052 3262 9498 2803 2239 2562 7354 1971 4367 5455 7052 2358 9887
19 6150 8367 66 463 4170 4119 8237 7987 3494 3818 4547 6372 1753 9715 2458 110 6568 395 108
18 6656 1557 8176 9752 780 4654 6597 3470 52 4397 339 2708 5283 2050 6334 4680 3837 6314
19 6457 5717 3557 3966 1752 3925 1871 4561 1163 7960 6309 1765 964 2965 9936 5912 1128 5524 1552
16 4679 8462 7808 338 7384 5779 9458 3915 8494 4596 8536 8017 2872 7818 51 5416
22 4414 7129 1527 2904 7693 8420 7064 4806 9205 1955 9902 6446 4775 72 5337 3183 491 2643 8305 7034 7744 4501
19 6044 3364 507 7691 3466 5250 4970 6565 4989 4651 7653 7872 7592 1028 619 8452 9808 421 195
17 3333 3585 6058 9226 5417 8610 9442 6648 4001 2473 8026 829 4610 8404 4118 7202 3626
17 585 1874 2184 7102 4663 2016 1320 2841 6705 9386 6646 2849 1049 9437 8755 1249 7201
19 9935 7438 9031 7208 1470 5486 8745 8542 3127 3511 8649 3598 8358 3070 6496 1638 2349 7161 3523
18 8578 6836 5161 1353 1245 8143 4491 2694 4902 2428 7139 3832 6673 4620 4676 4295 2905 2878
18 8382 3105 7576 7381 6255 2776 9194 2552 2793 2804 8812 5488 5385 281 192 8707 504 220
19 1635 9947 922 5711 8901 3783 720 6413 6800 8127 7638 9598 6454 3481 9066 6968 5122 4909 8684
17 9401 2036 5636 3790 8038 7365 4595 851 1770 9009 3610 9911 6773 3998 2469 3132 6492
21 9305 1530 7994 4206 833 9209 396 6398 2190 1756 7564 215 4026 9695 4618 2871 7385 7822 1290 1156 1120
20 7913 5771 7156 697 8731 6451 5579 8246 782 8928 1531 7505 1649 6082 9957 6899 9814 5832 8554 7851
20 6404 284 633 7456 4583 1655 1598 4489 1307 3538 217 3374 4382 1926 6236 7400 6759 6151 6931 8349
17 9768 1863 8631 2663 9033 3537 5101 714 9835 2607 5053 8264 5833 5677 6895 4142 8375
18 8978 5554 4139 6647 8984 9640 9988 1057 8691 4850 3479 8011 2621 287 9767 4564 5935 748
20 1867 7186 7690 7548 1256 3393 1104 4819 74 9556 9299 7062 9524 3955 3144 238 8114 1011 8467 5286
19 4665 3675 982 4213 9270 4297 3843 9089 7145 7294 1520 6671 2325 681 4447 8398 7402 6991 3931
22 7928 4948 8157 6172 8816 7567 529 4832 6163 3556 7474 2025 1707 2403 276 7454 9994 6050 1467 9369 2785 7559
20 297 8158 9291 102 6630 6864 1667 4591 4323 4221 3354 2800 2215 6406 6684 2127 6194 327 8877 3069
20 3869 956 6133 2982 2652 3009 9886 1493 6389 3331 9001 6178 3834 5290 1792 1859 5806 5876 2886 2521
20 19 986 8434 4872 8401 7180 7847 826 3645 8872 4634 4389 8924 3759 8696 9434 8859 5644 2139 5269
22 5510 1100 7041 128 9645 6002 6000 9328 9474 6068 7616 8049 6483 8514 7675 6157 40 9745 8461 8523 5399 980
20 273 8675 4914 6749 6248 951 2515 6025 659 4330 4503 4472 2500 727 6986 4976 2258 3994 9931 3727
17 5358 9538 9737 8864 3710 5829 4314 1965 3404 4398 9422 4466 6841 7413 7719 6016 2257
19 9627 3414 5783 9151 7920 4939 8597 8450 2682 6137 7871 1448 4431 7765 3151 5741 269 4215 6465
17 1447 1079 7097 9382 7267 4764 1235 6253 1182 3794 7866 6095 1739 5073 2136 6490 60
17 4437 6329 1346 1102 5803 9376 6326 5904 2045 3763 9073 4110 5185 6627 5831 8517 6444
21 1888 8708 4536 2293 7704 5686 5967 6021 1048 4384 774 5519 154 6383 6937 8579 191 9063 3031 2371 226
17 9901 3047 9992 8447 5957 2153 2401 8720 2741 1069 1567 2860 3385 436 6007 5024 322
20 3103 7088 1613 799 4035 4264 8009 1045 877 8039 5765 9662 3392 8944 1362 7669 6423 1701 160 4277
20 5693 6327 8198 9617 1580 2523 6480 6821 6422 4789 9188 2052 5807 9240 407 8096 5634 5117 5157 3033
19 6269 6202 5934 2930 1332 6041 448 7663 1870 2558 8922 2434 6267 3822 6447 6107 5098 3662 1801
19 4637 3398 1725 6360 9934 6920 8188 545 1604 4497 1857 695 9592 6823 2028 9746 5657 2847 2936
18 9976 4842 7253 4481 3901 3065 5158 5453 6131 7578 3649 1184 2378 469 75 756 2280 2252
21 9514 568 1986 9452 8801 3510 1201 6008 979 2988 2956 4954 6726 1766 1468 2339 8183 8165 8372 2623 8497
19 9412 9503 6877 5426 4558 475 2375 3691 552 2048 9110 1239 5448 7755 1351 9590 9384 2133 2038
18 3257 69 4355 9838 9508 7830 2762 9080 6376 7729 1122 4917 988 9660 466 298 1225 6136
18 8351 3732 6842 2327 1251 6762 4834 7849 7738 3888 6778 5088 4391 1669 8487 8396 4926 5110
20 7249 8040 5012 6280 6173 3566 482 9930 4173 2947 8136 4053 2485 9173 9212 6941 7032 1526 9522 5407
19 61 7612 6182 2797 4245 4965 4429 8440 2407 118 186 4076 9812 5940 8589 8920 8090 6685 9448
20 2519 8310 5406 7406 1784 3596 1002 6703 8601 126 1640 8544 2014 5905 8741 3581 3728 9331 9399 452
17 8587 2511 6188 15 35 5702 3946 1702 6953 1477 1656 2137 8867 5239 1390 7526 9739
19 6916 2357 7196 7787 3149 4396 5626 3130 963 4477 6682 8853 5085 4413 5617 2637 3687 6154 1403
21 7957 3426 6965 4966 1553 9171 8272 3648 3433 9889 2861 3136 696 94 6506 7225 4357 4418 3724 936 7617
20 6296 439 6237 2079 9187 8970 1532 1504 6149 2667 2778 2570 5951 6551 2807 1126 4375 2182 6933 9637
19 2135 3051 9165 1193 2126 5698 3625 9837 5565 5074 3467 9863 2168 3011 4032 654 6086 5474 7105
21 3549 8059 6893 6067 6450 9632 541 7860 9963 8645 3164 3372 4386 9142 5922 3529 4442 132 2666 8002 7539
21 3024 9926 6809 4302 5990 9694 9566 3049 2279 2712 2884 7745 8794 5165 3878 5195 5767 4188 1488 343 8012
18 1515 57 4450 1660 1518 4443 9570 3263 5694 6709 3194 9293 574 1279 6664 7382 6667 1425
20 2147 435 4223 1309 9920 1902 2513 4686 3332 839 1596 5482 6286 2392 8387 4460 6621 56 1136 587
17 6765 9952 8595 5380 8785 8750 3747 586 1657 5528 6790 4780 9204 959 1683 3591 1905
20 4687 4494 6485 753 5902 1521 7891 2846 1746 1233 8403 1417 2012 5843 6962 6617 9883 4402 4723 1076
17 7975 3622 4404 3396 6930 9112 7274 4560 5532 4708 30 4754 7721 4904 9955 3229 1653
18 7553 7861 853 3859 5837 7682 7392 6608 634 917 4201 861 8281 6990 5119 5918 7371 2224
18 4829 5069 1005 7636 9224 7807 6378 2948 5733 2646 4616 1219 5492 3718 7083 304 7708 8897
19 2774 1773 549 8694 6218 2315 9213 2653 7007 5183 7047 6658 4519 9051 1585 149 1019 8677 7348
19 1273 3208 5477 8804 6966 7701 3222 8938 2632 9490 235 3823 5527 3348 4765 294 5625 9827 1976
20 5227 1349 6523 8486 4062 575 1716 9874 7570 3967 3913 7858 8651 8242 3567 2631 7079 662 6624 9476
17 3025 2026 5332 5040 5600 5701 3808 6336 8383 1130 7247 810 8580 7074 7136 6479 2764
19 7911 2578 2975 5112 4293 3169 9292 682 4007 4164 2931 8899 2801 4551 5204 1544 4862 8202 3087
19 9691 9134 5237 5433 8285 3443 865 2715 4985 7507 7728 7449 8533 5822 7419 6779 9953 1366 3884
19 9267 7263 9712 7874 9710 8591 7579 4587 7091 3659 7411 6826 8771 3460 8483 3844 2821 2772 4185
20 961 6851 8445 7232 141 9620 3108 9980 9361 8833 4613 5200 5670 167 9340 1712 937 2286 5363 7590
20 3055 4153 8379 2809 852 9795 8659 9709 542 286 1769 7500 2189 8846 5388 1295 5685 8556 9005 8222
18 2531 502 4475 8902 5014 6907 9082 6251 7637 5310 7159 5725 7396 8354 259 6335 3576 3456
20 5090 6739 9289 6818 4495 2429 1106 6816 90 7276 8725 4565 2472 8347 5667 2157 9059 7221 2010 9849
20 3017 2426 2110 9641 645 6857 4014 6873 5559 6081 9363 6861 2440 2534 6209 3670 1395 2294 2196 8654
20 7329 1627 3366 8520 3974 728 5584 8093 9185 6905 9460 5642 9315 7055 7785 1234 2027 781 8454 7681
19 5517 3066 661 7255 6967 990 4515 6713 1051 7508 536 1727 7875 4975 8904 7388 8180 7718 6417
20 9003 9411 187 8671 7574 4113 47 5243 5520 2274 3553 6235 3909 8427 2655 3357 6489 4479 6448 526
19 7104 1735 553 9836 9190 1264 3717 2017 9247 676 5303 4576 6754 597 6542 8 3244 5253 242
18 2788 4034 5425 5256 5794 3459 2831 537 7698 6234 6429 3935 1361 236 171 3180 424 4755
19 4848 6652 560 9537 6125 6638 8025 6977 5582 3213 4800 1535 1068 8639 3720 8647 5989 6715 5438
18 3410 8795 3530 9038 4274 6605 3910 1876 754 7292 6071 5487 555 7386 7896 4982 8808 9088
19 9254 6618 7515 8477 4667 3295 7236 9136 6862 4360 1434 717 6328 6666 4674 5750 7959 5900 9350
18 7657 8085 7162 6279 8257 6196 2121 7633 8339 969 6820 359 4562 8729 5893 8386 7533 5588
18 7198 4657 4913 6562 3722 2857 6743 2311 7746 7805 6915 6926 5353 5 4513 6460 1380 2032
20 6412 9325 8055 6645 175 7900 3512 2979 3307 6975 2557 1853 7299 1112 4226 6948 6014 1514 9119 757
19 8736 4090 1311 196 353 8539 3748 4336 9050 1463 3916 6097 3568 912 6936 2131 2197 3558 623
20 610 3958 7448 3666 8134 6474 6161 9882 2498 9420 8930 9844 4638 413 6146 6635 5203 6358 7054 5575
20 7965 2060 8956 9487 9657 9167 3072 1098 6167 1017 9951 785 9222 7022 9551 7216 9383 8255 6289 4192
20 400 4410 1491 1560 7535 5043 7312 5187 6331 6292 2104 2817 5155 5526 8894 7618 738 5942 8137 2628
19 5402 8302 381 9128 9156 1489 3119 4224 4232 9130 4478 37 7443 8436 528 221 2456 5778 1375
18 6069 8637 1326 7916 8277 8981 365 9928 7149 5911 1444 8288 115 3150 5752 3405 4303 4978
19 1593 4826 1912 4605 6503 6602 7543 4798 67 1151 8400 4543 145 6204 4745 8151 246 8540 131
19 117 3786 7877 6537 4347 8615 9297 473 1266 4804 6089 9899 9108 8706 2915 3343 4284 2595 5175
16 8557 9466 8485 2171 6181 9799 8916 3345 3803 6797 4254 3303 9494 9323 8507 1293
17 3371 9806 372 1422 7763 477 9407 2374 1603 7187 6774 4290 4444 6175 1074 9676 7024
20 200 617 2207 98 4703 1110 6833 2634 6332 2526 7868 2676 7256 7910 6347 4668 1616 8417 1347 4732
19 5205 5746 9429 1729 2910 9284 6261 6874 6504 4092 8360 346 9342 5216 2723 7332 9332 5011 3730
18 4349 8747 730 5757 7984 7080 9784 9948 4038 1945 1119 1197 5151 2422 4237 8567 8299 2579
19 6822 9559 1215 8062 1634 6939 2470 3269 7231 1650 8408 4550 340 8205 6788 2692 7591 1982 8674
17 4307 1269 4021 3334 3877 7446 9101 5614 9728 8513 153 1103 8781 1661 4578 3863 6944
20 6724 2881 1430 8444 2791 8548 4770 9234 8129 591 8164 6346 8474 2518 3131 4458 8488 3455 914 9334
18 3168 8555 4863 1873 199 965 2504 1145 7333 6636 4552 9946 866 8849 8997 4785 4697 7160
22 8342 656 7901 5663 3205 1584 7922 7770 1429 9330 2874 1717 4890 5496 7523 3399 9221 9622 2277 5463 2427 1207
19 2735 2566 9035 6984 9219 1004 8101 9917 4217 5627 2484 809 4960 1754 4534 8756 8751 5051 7288
16 3200 3531 1734 9823 8407 5238 4857 6802 1260 9777 5722 1759 3290 1841 2069 9716
18 3005 4973 7512 4195 1771 2589 4658 9419 4440 2102 7695 7452 1270 2545 9717 4504 7758 2334
19 6695 854 4788 741 3073 2790 409 1872 5050 279 7531 6714 3187 7447 3980 6535 5728 9129 9525
18 4761 704 4664 5491 5971 2942 6963 7169 2156 8660 2364 6590 5258 6954 6973 8619 1851 9488
18 8699 6132 7203 377 1453 9972 1224 1761 9053 5013 4086 8005 6391 3641 7888 2289 5333 2853
17 4080 9144 8664 5764 8268 2958 5632 889 8466 3152 4166 2863 4422 2855 1379 59 5791
22 8406 7373 5535 6956 5182 4068 7043 2635 8855 3949 1168 6980 7620 8248 7886 4721 5242 4151 2219 7946 6632 4296
20 6304 2695 4586 3746 4249 3672 7762 6970 996 9208 5610 7046 891 9905 3977 8860 3301 5270 2873 9876
17 4225 9557 1109 9030 9022 9397 6042 5292 907 9480 9161 3018 6224 3942 4517 8526 1277
20 1200 583 802 4781 4666 65 2272 9100 6811 6932 1578 62 3215 2789 8144 6421 3268 1522 6354 2321
19 627 92 8346 7903 7301 1252 2670 2076 6556 3397 3247 9028 4083 4963 9793 4067 4079 2019 1080
17 1372 9282 4109 4467 3573 7551 5882 1917 7743 1719 2517 3242 1581 366 7126 3099 6770
20 8146 5285 4031 7245 6642 4628 8990 5792 1629 8177 337 2700 5039 4738 2877 8790 1312 525 1624 3934
18 6875 1475 5356 4300 1024 9666 7098 3395 1175 4571 2471 5420 8678 1877 4097 2267 9700 6227
20 8133 7846 9109 3789 6165 9228 433 612 520 4899 9725 9353 2435 1802 7697 4316 188 7350 632 8036
19 3067 8566 7174 374 2402 4787 1852 4121 2854 7761 7921 2532 8456 5759 9169 7845 6691 7416 6339
17 7357 4958 3157 6029 935 9159 5906 9896 7425 2826 9302 7269 6049 3932 2490 3346 1254
19 4742 9137 726 7816 6657 9633 3340 8273 202 1996 1989 6395 6683 404 344 1152 1259 8336 6487
18 7993 8191 739 9815 6120 8063 6290 4682 7360 8258 9822 7925 2336 4009 7748 4448 5696 7349
19 5440 3188 3542 9743 4537 1046 8573 2164 9425 7605 6712 2350 3155 4169 1811 6577 6249 8837 1575
16 9974 5649 527 5495 2921 1501 8428 6219 8116 135 6812 4997 743 8592 2550 4747
19 7585 8979 5602 9286 6729 7525 7894 8510 4930 8650 3361 8475 3499 2043 8834 7345 2011 3690 1837
23 1830 9406 9830 6634 2415 9054 4784 4714 3667 8976 8963 1039 848 2446 7124 4797 2962 5215 9217 8690 5435 5266 391
20 7141 6403 8786 4749 6550 9859 1496 2924 7927 4334 5007 1807 3592 9605 8734 7660 6789 1095 7185 8138
20 3197 1625 5868 9199 1564 3403 3267 5730 173 1810 3782 6572 9275 2057 1231 804 16 2976 3302 5144
17 975 4895 2220 9263 2021 7418 1409 9366 2404 9098 6343 7544 1292 1238 3126 9782 8925
20 6265 266 9402 6752 4196 8502 9264 5451 4549 9357 8415 3963 1265 3506 1070 3800 314 6611 2730 7842
19 8448 5920 7434 55 6946 1186 326 4060 3602 6254 8627 6040 5338 3062 6037 8735 3684 9661 1898
20 1995 3778 7463 8831 2397 9321 1078 8361 7949 5804 9575 3201 6303 7328 4161 9427 1927 6500 7566 49
19 4733 5287 6356 5860 9191 8547 6420 2128 6758 4903 5810 1924 7541 6697 8810 2423 1990 9168 7917
18 565 9564 5998 2424 2568 580 5340 2602 1790 9907 1236 9500 4081 834 1262 441 2175 1662
19 483 8652 3314 2320 3802 1733 252 4326 9602 2542 6270 765 7694 3597 6105 1798 9365 8508 7264
19 6189 3632 1160 3220 5875 7197 5219 290 3912 5194 5267 2489 8709 1621 1397 9271 5735 5543 1173
18 6735 8243 2233 7490 2291 7502 6205 2360 2040 9125 8037 5932 3226 787 1901 136 3525 231
18 6547 1970 7048 4066 402 2916 8492 2688 4198 6733 1167 9535 4581 7639 9580 2249 8569 8269
19 2784 1323 9477 7323 550 2151 9023 2129 2644 6169 8531 7137 8871 7240 5800 5768 5797 7089 3711
17 533 9313 9002 3425 864 4366 2745 4835 5099 4461 8307 2391 1059 7991 6760 1760 3517
19 6228 7442 3990 5263 1271 7594 3989 2319 2198 4852 3429 7461 373 7279 915 4272 3206 4751 3484
19 6710 7246 5881 4907 9897 7812 9424 5622 2837 7890 1388 1317 2290 2396 2034 1826 411 6595 2130
18 6418 208 9751 4167 5464 4136 5360 883 3757 7130 1934 9149 844 4864 5033 651 731 2617
18 2603 9705 4247 8035 5305 1436 5959 9077 5483 7893 941 7262 5128 2005 1476 5095 1576 5775
18 271 3030 7915 7647 4499 8296 9355 6375 4278 5181 7076 1029 8985 5612 8919 7781 2389 836
20 2278 1228 6119 9262 2366 3862 1834 6722 5981 4219 9268 2810 127 9324 6195 5015 7084 9115 7597 3897
21 2507 7188 7171 7558 7873 7799 8094 232 1396 3873 1310 1370 7099 5329 8743 3095 1607 8043 1570 4473 6193
21 328 7134 8826 8033 9195 4125 5913 9237 5729 7935 8027 9892 1608 3241 8491 9468 6318 5613 2113 6294 5111
19 2934 9505 2622 4821 7769 886 4777 487 2766 6776 5061 7265 4146 6373 1014 2347 1091 9932 4018
21 2123 6942 3770 8194 709 8298 9554 8583 5724 6171 3308 5079 6640 3034 45 8385 3002 2342 7257 8499 8371
19 9996 3629 3875 2480 4072 9052 7282 385 7726 4259 5680 2769 7582 8805 4463 8082 9210 7954 9759
18 1609 8102 5628 8799 2969 405 1008 6629 4822 3521 1405 5785 2054 8574 4967 1614 3359 4795
21 8484 1386 5300 8791 7580 7764 9778 3754 5915 2323 3328 3382 9244 551 9553 628 8313 3093 7722 3080 6586
19 2986 2828 615 9842 7120 618 6983 5870 5301 4655 8811 5641 2317 7571 4456 7121 3719 8089 4023
15 3654 2314 2479 1767 4892 50 3918 9122 4814 3854 9 4019 3344 1001 1972
19 4935 4724 4285 1942 7967 4394 5844 9060 2041 1742 261 6440 6428 7717 7469 2629 4251 2563 9690
19 1313 4593 7792 7941 1348 1949 4690 6567 357 2834 9242 7470 777 9174 5897 9214 4273 44 955
22 2465 9869 2585 4546 8640 1693 4150 5976 3231 8439 2590 8034 5278 7155 5947 9979 4669 2569 534 5368 6545 3440
20 8559 417 2464 4756 1738 2548 9681 1681 1394 4388 2023 9506 4639 5026 8754 1096 3769 8218 8185 4348
18 9757 9744 6902 9116 1685 8830 1840 5929 1612 989 725 890 4114 4946 8206 6881 5637 8468
19 6139 2711 9890 4969 3054 1700 582 8748 6777 7848 5403 6838 5965 2400 7514 2022 1205 7898 1242
19 1757 3817 950 8575 846 1774 320 2938 6475 3750 6215 6854 7033 4856 9643 4956 705 1698 4341
19 4071 211 8869 9478 663 8760 9111 2236 11 9320 8318 1832 9218 8015 4541 6731 6701 6918 6533
18 6410 3029 3477 2352 6484 1282 3970 2247 1469 34 9337 8388 9780 7850 333 205 3059 3630
19 6711 5866 9485 4002 7857 5849 4617 1711 1179 7883 5945 1099 8457 2195 9597 598 9517 5718 9196
19 6913 2742 6784 7401 9847 2898 293 3474 9039 6001 1032 6103 6275 6126 2083 679 1641 8738 6364
22 7499 4346 3068 2006 4376 5213 2377 6587 3839 6659 7344 1502 9630 2303 6957 6117 3217 5789 8234 8076 8880 2361
17 3972 6541 893 2383 1424 9469 5411 358 3846 7966 228 7644 8602 9269 2475 7238 495
12 8890 9510 862 96 3962 8600 5104 5345 1895 1919 9391 6934
18 3375 1994 9265 7602 5473 9813 6345 1297 9333 7021 1985 3764 919 6852 9086 2823 7310 5512
18 2166 2217 2952 3430 2477 9496 1768 7414 7260 972 7827 6945 8570 6876 2583 7670 3287 5788
18 4020 9563 3394 93 9482 278 2362 1541 6488 4253 5102 5739 6108 341 5490 3652 1341 270
17 8262 511 4327 1364 7645 3233 2431 5827 9348 9352 8032 3906 2767 8482 4702 9616 4057
19 9805 4544 7103 2900 3601 239 3938 3483 8909 4889 2761 2381 4681 9807 4403 7540 3255 2318 2746
19 9965 1010 3384 6663 6121 7045 4128 9651 8821 3342 8074 7715 5564 6183 6166 1969 3943 8087 7820
17 5049 9255 8075 5557 7724 3141 699 678 3813 4915 3509 4632 2013 927 9007 796 6775
18 672 5887 4387 1589 3740 8617 2771 8293 8498 8961 931 5191 5246 9041 5413 5342 471 6675
19 5282 5034 7211 9731 5400 8373 272 8291 543 6370 5427 7016 2266 3661 3766 4288 3892 9201 1574
18 5727 4421 8328 6476 6247 9671 3117 8550 6609 9944 6094 6951 3306 8608 255 8168 6978 5987
19 4984 6381 100 6012 9276 8368 4496 4607 3657 2254 4529 4603 2574 6668 9683 139 3853 7100 6890
20 8370 718 4643 7117 4869 7415 254 1392 1314 9018 6681 4004 1675 5640 8858 3046 9308 653 3713 8789
18 8832 2245 1864 843 4154 2497 2116 5534 4920 1688 7178 9688 9893 8478 3681 371 9577 8100
19 3603 9037 5437 9475 5710 6989 2959 399 1154 5133 6038 7963 123 2262 5956 1572 4728 7242 9532
18 519 5654 9464 8892 4104 5308 5503 2713 2633 909 8208 3674 640 9124 2035 4701 488 8712
18 3546 3513 660 4227 2972 5143 458 2119 8419 6478 3191 3815 8472 9692 1506 5773 4350 1446
17 6053 7837 3640 2335 7870 8193 7286 6223 1539 5228 1171 5100 4312 5736 4670 3505 1663
19 7230 655 1040 5377 5017 3524 8616 8842 8662 2306 806 1632 2575 5469 960 7029 4813 2493 7
17 394 3816 7207 7342 947 7394 8688 2299 3841 3725 5761 5577 3683 9177 1890 1952 7667
19 423 3692 1845 1884 6871 3866 7119 9118 3 3121 9828 4582 5374 9713 4408 6589 3642 6295 8972
22 5856 4873 4525 2143 1272 9370 3798 6367 1914 485 120 3406 6707 3590 5315 4190 8050 4222 6144 9527 3305 4324
19 4648 5507 761 1997 5799 2167 7334 7009 1999 2740 4694 5004 3058 4294 9772 1329 9145 2255 8532
19 2720 1090 921 6580 5769 9246 4024 7503 8181 2587 1850 5186 8911 1673 9667 2894 5923 5978 1730
18 5086 1267 1862 4353 3772 8814 8421 4906 4163 6859 2380 9440 7213 3628 6468 2656 9220 3431
18 4794 6903 2673 6969 7882 2989 6716 5835 4816 5313 7817 3037 4589 6443 5972 2728 675 7437
22 768 9207 5713 8823 9543 4782 6764 9410 6734 260 7730 3639 5271 4202 4791 9877 9162 3920 3010 3140 7175 4729
19 825 2577 902 2657 6596 1387 1791 7661 5005 7327 2997 6557 1782 4707 2624 6401 4911 1966 3274
18 9625 1222 342 2077 8020 7440 3139 3704 4036 6083 803 1975 9562 540 1786 2059 8221 3076
21 3294 4511 554 7864 8274 5539 3885 2393 5457 2665 1896 991 8135 8294 7532 9492 1548 2727 1435 13 8887
20 119 8309 4205 4866 7843 6896 9114 8426 689 4878 7790 4371 8776 2699 9516 6860 6052 1161 5274 7304
20 9347 3176 3468 7686 2304 8767 5123 9298 4395 3847 2416 5379 3003 3882 5247 9589 7955 1158 5551 7204
16 32 8996 3199 8214 6009 8228 3446 5016 309 8983 7853 3234 5839 4626 3026 4474
18 474 378 8521 3669 7010 3621 4957 4623 6064 5574 2932 4809 1413 8500 3801 7752 1764 5150
17 4980 9138 8945 4953 6699 7958 608 7466 4299 1071 5585 8381 4183 9423 6661 8538 954
19 9164 444 5620 8768 4555 5291 456 2351 2990 1714 6880 9096 7786 9074 2598 7305 5623 9126 603
18 4112 1605 1968 779 6832 7668 1827 1715 670 4527 5019 5786 5397 1648 2725 522 4218 8046
18 7471 3435 7840 8028 8918 9774 4988 7656 3575 3209 8977 4508 317 3283 6867 3595 8744 5449
19 7557 2639 8782 9272 5001 5351 7791 1275 7277 5166 2420 3365 38 7158 8829 7073 5257 2819 8818
18 5948 2973 3133 6426 7287 4879 7650 8160 6312 5558 9453 7495 2798 721 736 5591 7725 3413
19 7430 5853 3993 3904 9141 280 8951 3476 5862 5052 6299 3784 2365 6106 4928 9797 8515 7831 888
18 1240 5808 7687 2240 2802 3490 352 516 2109 2565 8668 2047 2739 4257 6118 9674 4210 4271
19 1674 3276 5678 4260 2551 8505 2782 3016 6897 6357 6006 6369 9841 2282 2647 3658 7184 8282 973
16 5668 9720 9421 8560 5210 7867 481 5824 5801 1162 1606 8680 5927 2259 4451 9250
20 8787 6742 9127 5888 5212 1211 6138 122 6908 9183 7179 7550 3680 7082 735 2966 7800 2987 7404 3781
19 7465 2681 8323 2453 993 7150 2525 370 7587 4874 6763 4362 5081 7486 9802 9873 5207 2097 4157
19 9314 1833 4888 5777 5442 2395 6858 7361 6283 1181 903 8287 2792 6720 3074 197 983 8044 3035
17 8711 9696 8073 5700 5006 5655 1053 5154 3937 6109 5986 5781 1044 5142 2604 5149 8980
19 4910 8213 9561 8806 7614 8820 8431 9941 4039 8665 6866 6949 4579 5319 5834 3254 7251 5037 2659
17 1465 849 9045 6519 8620 7407 6738 1371 2309 9655 1571 1904 4516 8058 755 6177 9639
17 2783 8698 1220 1676 4246 9457 5674 9539 8504 6604 4368 9908 5869 8455 1903 7303 5894
19 6123 3697 8118 7234 5756 5684 6085 5708 2901 5180 1979 6906 6508 9094 3171 5924 36 3189 9568
18 6239 8686 2118 6566 8628 3961 512 7086 4400 2183 9016 4454 5871 201 9307 4510 8775 2090
18 8803 8464 711 4705 3316 498 1647 9866 7598 2535 2950 6100 6510 602 5645 3609 2421 3698
19 8435 8955 665 3779 5847 3077 1981 7164 8209 808 3933 3881 1401 5594 1991 7095 3113 9747 4203
19 1503 4673 8940 2928 2078 8988 4093 8603 8312 6497 6134 7908 3706 2707 8142 3248 7051 9970 182
20 6831 6718 7398 9761 1944 5262 3487 3842 6156 2417 9408 8749 8746 3075 7012 7378 7165 5057 82 5884
18 2056 6649 2107 9139 6268 2996 2246 1724 2268 2150 3309 99 4182 5096 6992 3356 2049 7283
16 666 64 6825 2159 4921 6940 8562 1988 5135 1943 2811 3175 1820 7426 566 2223
16 3616 3735 3104 5514 1551 9969 9027 8643 1787 6628 3554 5796 3449 593 1454 8169
22 2883 1866 8458 4630 3579 9104 1263 5782 674 683 6923 2042 6736 4234 2567 5755 6599 5056 3019 3520 5666 1244
18 497 8713 9845 354 8007 2899 8314 6996 8516 4016 6344 3634 3653 7170 6317 7300 9555 5555
17 2436 8758 7422 8182 3699 4085 1672 2419 7306 8621 2066 3660 3551 5121 1974 1865 2824
18 734 4706 7040 6244 1644 9513 572 8334 5083 5220 4845 9426 3996 8380 7484 9895 9117 2210
17 9306 9071 5241 6662 6751 2231 5656 8316 9093 335 113 9318 6588 4672 8888 3128 6702
19 9078 7709 4088 4836 8261 1355 9785 9103 1328 3930 6385 2146 9445 42 9798 5928 5233 8527 3856
18 8203 8962 7555 5933 3845 7143 2662 5619 567 4619 4030 9414 4633 2024 1953 2064 1043 8907
21 4693 5060 2313 3057 3807 2893 216 8798 6620 4871 929 1775 9491 53 7313 3376 1419 5687 6453 2625 8594
18 3281 2696 3721 3463 1248 5054 6164 7272 1591 5984 7308 8317 7377 3192 9239 4916 9940 9069
18 109 8167 1710 8079 7065 7217 8813 6192 4263 8353 3004 5075 3981 6555 6959 26 2170 8163
18 6206 3373 5070 3753 6425 9734 8103 9962 2584 6938 4505 2186 6140 3423 3434 5280 3237 8232
21 5235 5335 5324 823 8042 6538 7712 3947 9152 6925 4734 544 4055 6142 9973 9624 3106 7087 9635 3902 7281
17 7314 2181 147 355 4937 4248 2547 4858 8465 5336 3219 6017 2394 7424 2094 5505 1950
17 8784 2675 4532 1523 9779 3278 8873 5268 3006 1241 5447 2003 1268 3318 3383 6955 4509
17 9733 3090 6430 523 2954 6197 2957 4539 9107 6047 5129 1321 9279 4808 8683 4783 5873
16 9550 6101 2234 5009 8150 8148 3319 1065 1679 6531 6034 6950 9189 4752 8352 7969
17 2538 4115 2292 1689 8212 4256 1218 3547 1450 3736 9261 8145 4498 5419 6464 5964 9312
21 6466 3830 9011 146 7372 6498 3424 3174 3565 83 6824 8432 8362 8399 3982 3695 958 1484 2608 4339 1452
16 8236 8229 7078 3799 5690 7619 518 1342 3678 46 2087 5703 2612 8451 7824 5035
18 3821 2605 3249 4282 4825 6213 4947 1451 5963 9904 7421 17 7473 885 6943 3518 6112 8267
19 6706 3891 5970 3203 8915 4696 3123 1340 1255 397 2756 4486 7740 8223 4837 3465 4180 2638 4614
18 3555 4507 5899 4689 881 9026 732 2765 7542 3353 1308 5249 7027 2734 8522 2449 4425 9875
18 1097 6338 1101 5743 2390 9405 4776 3893 5880 5651 5097 517 7841 7096 2120 68 6229 2363
20 4601 3540 4815 772 5907 9283 6128 7014 5023 2640 7856 703 4480 4974 4860 8634 2301 5774 7723 1540
16 7685 6473 1799 7929 8590 5167 6883 6264 771 4280 8577 8270 4611 7974 1483 9756
20 4455 3239 6639 7309 5566 3469 8259 7389 4635 1839 8511 7060 7942 3300 1337 5462 559 9971 1829 3857
17 6424 2963 1565 4709 5386 639 7802 7865 2903 1382 5422 2733 6411 9014 6046 6748 3526
18 7862 6740 8225 4087 857 596 3114 531 9435 9857 4514 2980 7932 5595 4905 3734 7138 8648
17 9274 4959 6222 5816 1030 2722 5525 7322 5452 9113 8689 3260 4229 9266 3716 5354 6273
17 5387 6293 2260 607 6574 3811 1747 3082 8003 5105 8476 791 1166 4731 5118 8893 3886
19 5721 172 4078 4656 3326 9158 4990 3454 5715 8987 1499 4187 4621 547 1116 8320 9773 3929 9034
21 9670 1794 419 4255 2543 3606 282 3083 3731 7879 2856 7352 6549 5450 2425 1445 3040 4010 4606 1174 2704
17 206 5087 9192 2206 4566 6674 7737 9233 8807 4211 2496 3102 7423 9358 6637 1139 9794
19 3445 4867 9364 1412 6885 1330 194 6513 5522 5999 5706 467 6578 2199 9105 7563 2879 4401 7487
18 3411 1601 5193 5201 987 5583 1750 4452 1072 7254 3668 9618 6130 3944 3240 9787 953 966
17 4428 6076 5901 2439 6366 2062 219 4098 5852 7018 5428 7919 2067 3015 451 1149 8308
20 277 2992 3138 9273 9576 2937 9388 3865 5032 256 387 2065 5863 9607 2555 2194 4945 9591 1404 3820
20 7677 3409 2919 649 6814 1831 6771 3489 1891 2051 2687 5966 650 9984 5754 8663 3335 2227 8941 6869
17 489 6039 1123 1639 4805 7562 8695 9375 7939 9855 8732 5671 6553 6145 6573 6690 2185
19 3544 2020 5996 5809 6159 724 9070 8835 9816 7914 9870 2832 3806 1283 5521 5418 5609 2310 6505
17 8219 2108 8973 3377 1281 9983 8018 5341 1519 9995 4464 3486 8442 4769 6819 6458 6084
19 3129 2305 8412 1176 2600 3785 2729 7205 5611 4851 5297 5421 999 7583 4927 2679 4994 556 2307
17 169 6677 897 8993 4105 5537 6054 8772 1368 8969 4647 7880 6696 5458 9558 8280 3871
18 1984 4143 7346 3475 1963 3493 8470 887 8992 4106 3777 63 158 1793 5177 8409 7577 5850
20 3855 7116 7118 9481 3044 8952 9000 9512 9879 505 2037 9678 3195 5823 5389 2985 9560 1909 2103 8850
17 6361 9202 7457 2074 5008 4441 4101 152 9572 4306 9762 7734 2522 9596 5494 6351 6330
18 7319 1227 1835 9738 6909 6799 2835 8991 8705 6043 2058 7895 7852 2974 2046 3448 8710 3412
18 6307 629 6815 3636 5172 8932 2596 6719 2086 9479 5681 564 4684 3243 2226 1127 5508 8942
18 6804 9090 7019 5466 7193 3765 7707 1828 3714 3089 2690 434 6791 8460 898 78 2373 4841
18 5716 7956 8378 5245 6437 8843 8247 9706 1690 2636 7945 793 6055 9008 7409 5867 8839 1622
16 1054 462 4772 5393 209 3154 6829 9368 8635 7646 1440 7478 9438 5162 5202 479
18 6438 7364 8840 8239 3685 1860 6179 3532 8673 6532 2716 7560 5826 8130 6187 9432 7261 9339
18 6003 3190 4642 8263 8343 8796 7648 130 1687 6459 5648 5805 3876 5115 3336 8405 1579 9354
18 7768 1257 2737 161 112 561 827 6727 8366 7798 9959 4612 570 9942 648 3417 4922 8301
