29 5831 4077 9992 6925 8368 5714 5396 2247 3069 3340 933 9857 4100 7032 1774 8762 9893 1710 3615 6381 1922 5088 3219 9524 9633 1446 4287 3970 3769
35 5454 2517 8568 9470 9747 5263 9891 9190 5223 3037 7468 9883 5501 532 8455 986 1968 7493 234 6851 6451 2108 2798 3550 1565 2958 2773 9364 9686 2691 3168 4981 6833 1678 6625
31 9997 1813 4807 5881 1421 1066 593 220 6427 9870 5838 4341 8245 7370 1389 3941 7112 4288 3213 5485 7732 4451 1605 7736 7714 5300 4138 4237 5491 9015 3708
29 2820 3209 1751 9408 69 8575 8727 7379 8460 1433 3563 6582 6426 9453 9810 6521 1571 6315 463 4220 3338 5902 3729 5538 5926 5543 2781 7460 447
27 2854 3076 9460 6190 9621 8701 5102 3871 5355 356 4064 5290 5441 6145 683 8599 604 9946 8059 6855 1686 6717 9912 5196 3008 1946 5211
32 6599 280 138 5613 6152 8293 8281 499 2001 5058 9908 3553 7830 6665 4230 7515 4059 4103 7248 2886 7293 176 1814 6070 2626 8018 8197 368 2789 7655 4171 5561
31 8019 9360 3772 3856 8074 6889 785 5744 9504 684 7024 2624 5584 8862 872 5249 9862 2581 2111 1161 285 8161 8570 1803 9013 826 2638 6324 6506 7100 5707
29 8033 9211 1660 2604 8053 9115 1276 7974 9648 3100 8834 4413 4272 2040 1721 6908 8338 1135 8319 756 3342 5061 1506 5217 8929 1978 9869 1714 7555
29 4506 4501 3665 1566 2512 6640 128 3757 2916 7054 2797 8486 6567 1226 1172 9332 5578 9616 8871 5652 1265 2022 3933 1497 7139 9576 7090 8776 8110
29 1111 8039 5553 9352 7449 5400 2201 4472 4117 2281 8224 8734 6178 4667 7844 5581 7102 4534 6438 7366 8021 1902 7121 6397 1762 4274 5930 1793 3504
24 1434 2586 9227 5476 6379 5201 5343 1242 2230 2122 6210 6018 9177 8254 2727 5733 4819 5094 3294 8557 2865 4075 9642 6673
29 7590 1125 6214 4318 1220 6242 4181 4356 4589 1730 3608 3454 858 9278 5579 3700 4776 3088 6777 8684 5754 88 3111 7858 4619 4518 5870 7775 8696
32 7759 6062 5529 9592 6766 8756 9456 2745 1167 9314 5189 7925 2188 9833 6735 5048 8189 5884 241 3740 658 7372 118 1331 7498 2964 251 9987 937 7399 4437 5885
29 5679 1048 7251 8613 6481 1131 4677 2195 2470 6221 7352 9548 1796 125 9552 4276 8759 4522 6050 3184 2087 139 4142 4039 3578 2441 5609 2099 4188
28 333 5160 5837 4922 750 2930 6554 8093 2920 4588 8679 194 8013 4612 2686 4471 5477 297 5495 1652 4102 6903 4336 7666 8955 8891 6650 6804
28 1179 4466 8969 9933 6973 6578 221 5353 43 2722 7670 2846 6025 1034 7809 3747 7888 7632 3371 2974 6144 4569 4061 9710 3493 7788 9982 6441
27 3016 6982 2648 7519 9967 9263 3573 1657 8263 4201 9029 7157 895 7739 4893 8226 6802 5098 6020 8822 8467 4267 7457 5728 2329 6235 519
29 719 352 1764 9559 7723 2840 7201 6049 5301 1120 413 6486 2148 7696 2872 5971 568 7283 6346 4606 708 6517 6660 732 9542 5007 7978 4915 2436
27 5954 5955 773 7707 8130 9416 4621 2135 5508 4306 546 3982 4098 6502 6432 9683 6104 5816 3433 4899 7501 4620 1061 8803 7804 9388 7502
30 9191 6891 8851 6416 8950 9428 949 7980 6866 2808 7097 5411 3944 5786 4080 3512 5246 8419 3945 4778 7797 9125 3768 3498 1509 192 5678 518 5269 9941
29 2603 7179 1753 8134 9382 6844 4015 9725 8316 8238 9281 2071 9497 2316 3828 9292 5356 5493 4570 9345 7685 5871 4296 7411 2454 8146 5317 491 9403
28 9670 4878 3860 2335 8586 132 1854 4396 4641 888 5281 9750 5442 8337 7948 4317 5978 9323 7961 3231 6373 9305 6957 6408 9905 8272 9723 9418
33 2446 9243 9868 3501 1410 9175 9129 571 879 7561 9898 1104 9812 7645 2973 5330 7831 8882 1535 418 6417 9676 2259 1190 72 8173 3029 5711 806 4354 9580 9481 2451
27 9145 1387 4824 1257 9937 9831 9565 7840 2477 6522 7767 3124 3705 5152 264 1673 6365 9929 1008 4626 9142 8456 5359 5864 2776 265 8548
25 3440 3265 701 3210 4311 5857 3299 2313 7419 8573 5219 2324 4232 3193 8804 6803 2880 7041 963 1372 1958 6867 1981 7568 7527
27 8141 8730 9037 7014 2169 5478 7338 1609 6069 3670 7838 9309 4368 9326 6726 1050 8671 97 1164 3823 6593 9539 6040 8749 2911 6755 6172
24 1666 1425 3972 3579 8833 2179 4703 8988 392 5412 292 6026 7001 3939 6877 3222 8800 1273 1619 668 2160 1361 7521 8443
30 9058 1599 5669 1275 4084 7894 250 4454 1081 2542 6183 7990 7355 3449 2082 3026 1918 4555 3596 9985 5799 4846 4675 6467 1974 6358 5582 9474 3106 6639
27 2995 1271 4170 7042 5066 3783 4948 383 7592 7703 9327 9919 2682 3672 4843 8519 7514 1291 6641 4806 186 8632 8535 4995 2031 3633 7215
29 2863 552 2769 8717 1152 3486 3195 5439 4110 8652 4869 6449 4376 5894 2800 2237 4845 5989 1213 2070 8524 8209 5625 2669 9101 978 9164 1027 7414
27 681 4057 1148 477 2101 1133 2917 8812 7190 8505 4988 3415 7346 4578 7184 2425 7578 5778 5563 8079 3483 6825 25 843 5559 7066 8670
30 2038 5057 9591 7636 9732 8072 343 572 6562 1759 1317 5036 4864 3631 4833 2382 214 4750 7912 9706 9807 8947 1101 5735 1112 9557 1718 3355 6561 1993
29 9832 6956 7235 2351 4655 2395 3619 9909 8377 3130 9808 5124 2946 1585 1701 1713 4043 6249 2665 4755 7497 723 4927 5996 196 6751 2367 8470 4058
26 9738 4390 5595 4632 8530 703 2673 4692 4465 6084 5010 6849 2260 5947 8035 1876 4538 7189 9297 1394 1702 10 6774 8084 5275 722
26 7418 7222 9966 2752 659 1198 8389 7061 1872 2207 5304 5265 5438 8279 9411 2690 8537 2750 2726 9574 9597 2597 5158 9778 287 3530
33 7426 3216 5777 4944 304 4730 9055 6752 3275 6824 1007 2495 8552 7740 9334 6692 3692 1416 302 1763 8869 7241 3739 3591 1500 2177 6108 1634 4381 1184 6390 5591 973
30 2822 3123 6151 5086 3291 4307 3489 8211 9976 360 4565 9780 709 4343 5540 9387 7881 4719 2997 424 9611 7311 3864 9036 983 7544 9774 616 6598 9741
30 6042 4236 4238 6871 4629 9590 7538 3830 1944 7393 1549 8347 2802 5015 3175 7018 245 7808 2181 8028 8304 4285 9402 4173 3352 1939 661 9003 6587 6202
29 2849 4994 4091 8745 6313 6150 2401 8831 720 4325 6357 2522 7651 4696 231 680 6180 9509 6736 1563 9711 217 7658 7956 6921 4791 2493 4793 5738
25 6440 4473 7704 8835 1554 5829 2506 7464 4672 3318 6163 54 2867 798 2153 92 7615 9998 7225 5651 4176 2709 8363 7806 7774
27 4523 4611 9136 1175 3851 7436 6446 3429 8593 911 907 3923 3786 4610 1456 9337 6984 1438 165 9009 9433 8809 8219 2938 7841 5050 845
25 306 4433 3534 2168 281 6205 7675 313 2243 1493 6508 533 3920 9716 8587 2321 7879 3564 5814 4439 8962 731 7246 4708 7534
29 2870 3611 3198 2640 2049 1442 8036 2318 4348 4997 5350 6674 8448 8844 1459 6721 3067 6492 2309 4301 3935 1443 2072 6986 7717 2448 2157 1921 2288
29 9413 4751 5668 4442 9286 4969 6584 4457 619 3262 2857 8094 7612 9060 6226 1173 5755 8578 478 1656 5623 6031 3358 4319 9934 4407 277 7908 9163
29 5835 1468 7918 7329 6623 1217 2129 3192 3336 1526 8604 3974 8390 6414 2231 4549 8023 2312 599 2688 9843 1006 3676 7055 105 2261 4586 3381 2942
29 3160 3353 1831 9039 6790 3036 5218 87 3018 2397 7950 2056 7077 9931 5220 9734 8758 1906 7684 7357 7940 765 1857 5599 7601 1295 3345 3403 6906
30 8725 7639 3640 9515 8120 1592 6676 3348 9153 615 8391 8907 6993 6811 4477 3250 2193 7167 9624 5498 8196 5421 3509 2190 5873 7289 8763 4695 2406 1199
31 7277 553 5794 6444 2085 908 971 2744 5253 8423 9634 5279 301 7989 4160 3686 914 7172 9671 1931 9239 2898 8212 401 2612 7128 8695 41 6094 8240 8009
34 3875 1035 3385 3682 3411 1051 8954 9477 8911 4247 5413 2030 4906 2124 6829 5367 3446 5767 4424 2970 4934 2596 3773 3189 1663 7892 7228 1900 9661 6929 2189 3601 6680 8311
29 5371 5014 1407 3306 1985 3671 740 2158 550 8577 5429 2877 6176 9844 5504 920 9299 8221 7433 1366 6259 162 7977 5702 2095 6203 3946 7470 7911
31 156 3533 5535 1860 5751 1863 4200 5022 3326 1149 8642 3986 9728 5828 3356 3063 6749 2979 1840 5643 64 9144 9920 7168 1989 4571 8708 6404 282 9770 8265
29 8232 8786 1909 3367 3332 9184 6276 5366 2525 2986 9178 5080 8605 5093 4213 4838 5154 8534 8016 7825 7420 3977 7440 2721 6667 2119 9829 6865 6830
30 4172 9446 7421 2954 4910 4739 4386 7086 5167 6550 2511 1692 7188 6386 5701 6741 9197 8168 7932 4648 2379 5858 155 1455 4780 652 5736 1954 7348 8151
30 820 328 8400 9042 5826 736 2439 3528 685 5969 4694 822 3277 2066 3812 7075 8752 6963 8495 4086 6685 4939 6095 3861 2729 1115 8011 6029 8132 8945
29 6130 2636 9601 551 7183 9963 3917 1515 4221 3242 5137 9187 1171 9736 9040 1230 807 2455 8326 4485 3848 6828 3779 2257 9894 1484 5204 2659 5284
31 6428 3632 7343 5472 2396 7742 8273 653 4630 9093 59 4835 2790 6836 2424 2759 99 3567 3650 9169 1581 4389 4554 4016 5518 1583 7583 8024 2959 7537 7456
28 9159 554 6597 3781 3855 2841 22 7349 5119 9231 3548 8925 5993 8732 14 2527 4164 1033 8313 6394 9061 9167 5091 3988 5549 371 3634 5361
32 4078 9445 9440 4802 5051 9773 9462 8741 3297 1423 3304 8840 4440 2502 3646 3054 2708 9 7200 1578 6468 5554 7137 6116 4907 1800 4841 8895 6942 3071 1637 3386
25 9392 9117 8503 9646 8237 6922 5079 4385 8569 6666 258 3228 2314 1829 7033 6807 8837 3046 9083 8157 7799 4505 5882 1211 8770
28 6781 1768 8415 9806 1681 4529 4394 8914 541 3341 266 5951 6368 1460 7532 9729 299 6714 6039 7786 8357 6568 6659 5009 5660 4735 2134 7899
28 6430 2417 766 4909 9817 3755 7768 8500 1344 1121 4401 916 4011 1726 6724 3852 8705 4405 8863 7582 50 7669 7505 3369 3197 6157 5723 7559
30 3117 1574 5984 9019 1855 5251 9678 9803 6309 996 2233 9437 878 9689 6646 4410 6223 2792 2272 9626 1252 4154 1356 372 2427 9074 651 1473 537 4964
28 7138 6683 6603 7173 5516 9986 8649 3865 4941 7771 8260 3453 9414 6945 4129 8029 3408 5272 4725 8817 1945 8451 5624 814 4380 2904 5285 470
27 2851 1893 8971 3482 130 6485 3103 5587 8150 2078 7875 8437 1680 1972 600 5820 5622 4596 6768 4876 7389 8188 2210 1404 2902 8771 4087
27 6340 9166 5483 3575 8320 8266 8076 2961 7605 1477 8253 1544 4914 8926 6338 407 5288 8064 5143 2356 9840 2618 4584 9349 4714 8959 969
26 9321 445 4392 3333 8108 3410 9880 3724 5012 4040 332 2020 6253 4633 9668 492 955 8041 2453 4333 8428 2579 160 3842 5029 6091
29 327 8546 8566 2141 5020 5188 8012 2279 5850 8933 7981 8974 2651 7680 5530 7043 2204 9666 7072 1886 8996 4982 2905 149 9285 9767 5795 1791 9700
30 586 534 1590 3932 4227 6876 8564 1917 6256 3229 6914 9007 781 3888 8883 6998 8155 5357 7624 7646 3475 7535 3689 8998 8811 1527 5221 5948 977 1651
29 3883 1040 429 3264 5968 338 397 7483 8123 7117 1708 2928 5352 5761 6291 3370 6306 2466 7999 3263 4324 2831 4993 3859 4631 8792 2273 2956 5666
30 1572 3877 5310 7543 8992 1604 8572 2298 7401 6318 5309 6763 1145 8787 4112 3013 3293 500 3973 3843 7250 5085 3112 3938 1834 4936 3931 5621 2523 1445
26 6885 5388 2198 6005 6125 2024 4231 3854 8526 833 7776 8938 6187 6510 9588 8082 8133 8331 7170 3142 1699 6799 3527 2953 8782 75
30 102 5334 7982 1267 2555 5713 2058 1547 926 9044 1302 3565 345 8639 1963 9424 7378 7353 6079 5688 761 1208 9319 2471 3413 6662 2834 2544 5774 9600
27 5260 570 5944 5903 5031 3898 682 4734 5159 4550 7661 1709 5766 2389 382 8713 4310 2227 5242 1090 631 7530 7360 315 1470 836 3059
30 6424 3833 3171 8543 6566 6634 9183 7745 5440 3989 1292 4420 8475 2739 2658 7196 8667 348 7507 9105 7198 6987 7461 3910 3542 9637 2487 1551 1665 5178
26 7318 3288 3383 854 8906 2762 6854 9461 5434 219 3078 6388 3344 5539 6905 1480 829 9938 2317 4484 4651 1153 2751 1607 9071 8307
27 7833 666 3235 4996 8584 1677 6419 2403 51 1329 9809 7846 4547 2165 5854 3409 2837 5150 2592 6949 2035 2543 4242 8802 5521 8218 2431
28 1717 5197 862 9636 3323 9625 1822 1784 5772 4953 7869 1524 5770 8512 5800 3897 5648 5810 2290 8452 3539 3980 3002 587 5161 7697 6442 2719
28 9351 9336 6250 7475 1422 4784 2167 1293 9457 3651 6531 3647 1290 9365 4351 6439 8461 2625 8230 1775 2172 6880 7453 7048 6011 1540 3857 2925
27 2600 1816 8431 5241 4710 2519 7845 8737 3777 3176 4774 9247 3502 2666 7099 3677 6471 3754 3068 9944 988 3900 2884 2115 8081 8574 202
29 962 4671 810 7613 3536 432 8445 8046 1282 4524 7743 2289 7108 8020 143 7088 7363 9405 9465 1613 5620 9682 1374 8527 1576 4257 7968 8317 1363
28 9925 4169 9104 4587 375 8176 2391 1219 4174 9502 3146 9792 7171 1057 6048 1246 755 6558 8156 7504 2196 129 2398 2065 8880 3468 4256 582
28 1785 474 4574 3582 2048 3731 3346 8249 2097 1861 1564 3313 8769 6809 6433 830 5573 8580 4073 6420 1277 8203 1316 5430 1550 340 1071 4585
29 3660 23 6347 5209 7367 8261 5351 2637 8620 5312 1028 5862 6515 1303 5427 9707 6701 7733 7836 5043 4886 797 4013 5180 2706 7731 573 2783 2388
27 6507 6729 2304 3899 1558 6859 1012 9864 525 5090 4818 4599 6406 9763 643 1063 505 7103 5656 8600 4572 4510 6943 7764 9645 7690 5453
27 3387 8447 8356 9366 4474 1465 9936 3439 6847 323 9835 3850 1182 2184 7237 7795 8288 1043 1582 3738 2503 1281 5459 415 8928 8596 6301
30 7136 9328 2496 1247 457 5797 3040 2801 5235 9056 9110 2052 9012 5451 322 9196 1353 669 8866 5708 4649 3445 9102 2340 8343 7354 6916 8187 730 6271
30 9822 726 3659 7115 3903 3278 7016 2359 3335 1258 9658 2547 9677 2878 1749 9160 1511 3047 1789 8982 9471 2827 8163 9026 5173 31 5526 4699 6737 7326
29 7678 2890 8919 7397 721 5125 1725 9495 1011 9917 6454 2897 7860 2251 1887 6334 6288 9897 5335 728 506 3990 8010 4326 3311 2008 1079 578 4331
31 9189 3656 8927 5868 9640 6212 7406 3644 1304 4929 4679 7407 223 140 4930 1819 6156 7681 6045 4972 4744 1019 2328 2104 5629 769 8060 9573 4063 9192 7319
27 295 5370 5128 7244 288 8239 7359 150 8808 9127 6434 9628 6728 5998 1223 9935 6476 9641 46 6458 7391 8101 2978 8672 121 7422 4556
29 5455 7313 7689 1520 9549 3033 1804 6994 3520 800 473 2913 9372 9135 6398 6100 5067 9513 4654 5444 9271 4968 6196 312 1474 9759 4532 2481 4235
30 2584 1539 8710 5247 6509 7865 4809 1602 9338 9839 6574 5395 5289 6460 4761 6591 8550 9996 1623 5630 3253 9749 7827 7647 253 9422 9882 5690 6632 8636
30 7653 5564 9930 5612 1772 8027 6559 6015 3905 987 1548 387 8861 6948 4215 9232 9011 8310 8692 4143 3526 6355 8735 6103 5725 455 8353 8918 7134 2994
28 187 7574 1424 8324 4 9568 8711 630 6547 2274 0 3882 5096 1915 832 2939 3806 3837 4070 4879 4860 4810 3613 9201 9613 65 2804 8682
30 9180 9155 5938 502 3259 8257 5542 6437 4134 4017 1228 1695 1091 9010 3132 8223 1927 6466 8367 5464 7762 4528 9171 3374 3586 8567 5936 3062 900 7010
31 4661 7822 1983 7358 7611 171 3405 2782 3049 964 4724 5699 9855 8775 9694 6670 9021 6759 3728 7874 438 9386 2222 7073 8088 948 4150 5402 4685 4643 7641
29 7584 5324 1038 9702 4650 4933 7286 3746 9848 9795 468 8214 6651 9545 1401 9430 8601 2889 6649 6396 2488 6923 8344 8411 7711 8075 3451 5216 7021
30 2150 8315 5112 874 6407 2664 443 6738 2061 4446 2595 3637 4511 339 2404 2369 9876 5718 6204 8396 3085 4056 2438 8474 441 3588 2866 8487 8402 6952
28 1769 6638 7529 3181 1325 4009 2569 1593 5376 7872 358 8159 8815 76 6044 981 2419 5565 8199 6307 3966 9656 4426 5560 8100 3030 3876 9914
27 1141 5500 49 540 2578 5298 8958 80 243 9921 4266 4101 2044 7620 7622 8860 7437 4668 5607 9275 6608 9881 344 3653 5294 1773 5193
32 5919 152 7720 61 4408 4567 3443 1674 6744 437 1871 1349 3194 228 4284 9261 9769 4883 3525 8291 8525 1234 1843 9259 9608 4733 1957 7738 3993 8228 9782 5823
31 7427 8698 8207 7744 9378 309 5318 4273 8937 5133 5425 6138 7213 8886 57 1783 7365 5236 1806 154 7269 3200 7197 9181 9205 4271 2567 8374 3006 283 6405
30 5604 8678 276 7384 5181 9097 5323 35 6186 1098 6708 6693 4425 2534 7557 5730 6418 1517 398 3853 5753 7451 4265 1815 2962 6761 4913 8092 5240 2217
28 6808 3592 4808 7394 8699 5990 9777 4530 5887 6312 1431 6711 686 7554 9704 86 639 1046 2292 7550 2362 4790 2732 7600 3956 1503 4998 2810
29 8450 9417 6888 6687 8829 873 7227 4055 8274 6296 8369 2262 1056 4918 4177 9325 1169 5060 1884 8071 2764 423 7902 7332 5985 181 641 4901 3767
30 526 2652 4217 16 9027 6007 385 5760 789 4857 8466 8877 4598 4637 6539 762 9174 9528 481 5636 7506 4024 6548 3996 6316 9398 4973 3868 7722 3232
27 6056 4753 2583 6474 768 3465 3420 5183 9690 8602 3834 3241 777 2671 965 5081 4847 958 5419 1157 364 317 8902 8484 1288 5729 5054
27 175 7793 1862 9756 2459 5166 8646 5863 9854 3166 2943 4028 9116 8616 7792 3152 903 6758 5463 7563 7862 6290 2731 396 4026 2985 7194
32 1466 7096 2793 3169 3503 9139 3019 4116 6244 7660 4638 1532 6085 8446 6098 6742 5259 5001 1224 8171 7003 2407 2127 1624 7480 485 2627 2990 3349 7478 2611 5392
30 2635 3756 9257 8183 4715 8073 6032 1390 9892 7927 5238 7522 2859 1405 8482 3495 1496 3895 2219 6712 3928 9512 9357 1475 7644 4681 5515 2537 7854 3227
28 8849 3815 5798 9956 1715 6699 930 6616 3254 6344 1194 4021 5347 628 4161 7725 3886 536 4609 8198 5047 8380 3994 4908 3985 4600 1345 9643
30 9215 389 4338 4480 6278 6658 7679 9302 5068 203 2255 6862 564 32 3321 9390 9400 8942 5199 6875 3245 8457 6589 6126 9032 2357 1464 8978 4789 3082
26 4891 3452 9128 4834 5724 598 6874 4900 5055 7462 6872 2610 1467 8560 7623 5662 6064 9758 7446 1343 2655 9680 1447 9342 5685 7756
28 4141 7569 5206 229 3804 4183 9356 6300 6860 9815 1248 5404 1321 8509 5758 7556 52 3890 3666 4709 3725 8951 9379 8202 6619 1967 7947 9358
30 3039 8468 7309 2442 5349 899 9669 252 4289 1092 8153 1935 8294 8939 115 635 1047 6850 812 5827 7971 1200 9449 8405 3163 6136 4877 2829 2456 8225
25 45 4049 6475 2963 2 5726 745 4083 7466 1206 4882 7586 8007 4146 5038 4202 9237 1625 748 2383 8846 6972 3760 3074 9827
27 1808 6890 3598 3701 919 3847 6359 9939 1688 2647 5420 1847 4072 3108 5590 6078 6968 2344 5087 9744 6541 6273 6713 9374 8916 8409 4576
27 7851 8125 4099 4165 7728 6299 7880 5171 7163 2513 5162 1280 9118 7307 3073 775 3641 9266 7710 2662 8930 3793 2174 7166 9947 5021 1911
26 3511 9584 6995 5224 5705 8968 2039 7472 4792 5661 5568 2903 3609 6977 6403 4653 4429 269 9225 427 2501 5780 7705 7294 2582 6810
29 601 7946 9797 5534 4718 4104 8726 2601 4527 9973 2050 4601 710 7919 4829 1142 7803 507 4085 5594 8321 9234 3357 1041 9638 7683 3467 7970 9841
31 3249 7606 2940 4896 5965 4391 33 3604 2175 1310 74 991 5405 6129 2500 1461 6345 3662 4406 7285 1476 4772 5494 5286 4593 1626 5391 8830 2059 9847 2907
27 4052 5942 1614 4697 9943 9554 3625 204 4281 7059 5592 4120 4218 4862 1537 440 3535 2180 8900 3597 1279 6654 2862 9579 6647 4747 5273
29 2098 275 2557 9743 3782 5598 6765 7347 9415 4880 452 38 3484 6882 9043 1070 210 2130 1584 4453 3337 7274 3593 8169 2025 7386 7174 6656 5280
27 8057 1833 1577 4239 7575 6211 9272 2562 901 4823 1214 9207 9672 4335 4207 705 9779 3052 4305 3221 316 7486 4517 6327 448 5849 2296
29 2223 4398 2297 330 3391 4192 7087 5157 4758 5502 1837 1256 5890 2606 5852 7025 3389 2125 758 4669 7821 7263 640 1543 262 8501 5717 6542 6974
29 7914 3247 1746 7638 108 4535 3283 393 3541 6519 1689 4831 1074 7712 8915 8722 6644 8329 2271 1156 3714 5141 8065 9265 8685 6308 2041 6435 98
28 1999 4754 8513 40 9236 2918 2574 2409 6740 6715 5045 4293 9959 1409 7737 9553 4868 7141 5194 6089 3726 7301 7342 9805 7280 4222 439 2254
27 8946 2182 4415 53 5796 675 7111 6263 3506 3020 5803 7973 406 8426 1495 4814 3394 7113 7465 8647 9667 6569 3547 8195 825 2561 5921
27 602 417 6778 1049 7581 7572 8541 6230 648 4334 8106 5132 585 2695 4312 733 6083 707 7954 4859 1951 9978 5809 1786 24 3870 3375
31 4935 3260 7883 544 7625 4252 4313 8235 7526 576 7536 8801 1948 4813 7238 3605 7924 9534 6682 9298 4233 5788 5099 3098 4840 8750 8236 6969 2007 6061 9154
28 4804 5756 6200 1807 2140 7952 2221 9494 3281 2774 5514 84 1244 6552 2645 7626 1231 3690 7716 1534 1031 9062 2046 2779 79 9353 5513 8395
32 3145 3709 6980 6961 7528 5138 2950 1707 8292 2106 8760 4178 974 2977 1452 1892 5187 9596 3343 5394 5389 8361 1384 6081 1869 2443 7019 509 9731 1690 7187 6898
27 2805 2864 8590 9627 5671 6470 8673 6978 1639 3320 4379 6114 2617 95 6380 2034 8425 1611 5891 5626 9834 1878 5305 8935 9971 4548 8941
28 4768 314 1926 4476 2138 6643 7751 1735 8258 9087 893 7257 1879 3585 6545 3461 887 100 4786 5111 4427 6239 2376 6583 1975 4820 3422 2497
28 6096 6461 1805 7487 2000 2914 6177 1575 2983 6162 5637 1802 4579 9287 1698 6166 6111 3137 7975 2972 6401 2159 8340 5243 5016 5380 145 6513
30 724 8407 7929 3867 3350 4514 5117 9790 9308 8309 8040 1622 1679 9051 7884 9256 4851 5332 5484 5841 7069 650 9468 5709 7905 7617 2094 9705 7322 6051
30 5634 2795 5195 2746 5348 9708 4044 6412 972 4431 6238 7242 2015 4033 6607 1346 6946 2941 9896 179 201 5641 351 9022 1580 2478 7008 6633 8629 6148
31 3448 6992 5557 5555 3992 795 515 5783 5168 1243 174 5018 2465 7663 7298 7312 2741 938 4244 5628 7410 4211 1528 7017 8229 607 2214 9148 1798 7923 3120
30 2734 7205 9441 2836 1734 7230 8421 5619 2794 7316 3144 5314 7404 924 430 6321 9047 5013 9614 1684 5271 827 828 6769 8308 6465 2075 9444 2630 2084
33 8099 612 4980 6635 7957 6493 1004 8417 1299 1904 4003 5509 7135 4892 5291 403 1102 5817 6518 3891 6695 3414 9649 6455 4729 4979 7868 4366 4291 8953 9586 4940 5418
29 8561 6791 8870 9385 2482 3139 3292 216 1521 6826 8251 2725 2076 3795 5833 2656 8764 5642 3824 5131 7495 7963 9020 2718 3274 3406 4353 6546 5674
26 6229 5113 7566 6864 1923 7408 6817 7356 3648 2331 2629 7906 1825 1589 8348 9389 633 4010 2492 9639 2074 3572 2514 8774 4956 3810
32 6933 9538 6671 6482 3866 2346 7149 1411 1132 8700 4856 9254 4444 2426 8296 7233 278 7763 3400 7133 1379 9726 591 5572 2588 1538 1393 575 3045 5432 2952 647
27 5552 8184 8781 8977 3722 4323 6793 5176 1259 8794 527 3251 855 2060 9673 2684 9005 9088 5979 6443 8126 6254 9766 4702 5548 1136 2623
28 8103 9498 3765 7416 7383 6168 2908 8478 2919 4885 21 793 9218 1662 2967 7212 1598 4928 8301 2742 579 542 2927 8244 3687 655 6843 7796
24 577 8948 5910 8651 9975 610 1643 8617 2825 3981 7118 3753 335 324 6195 433 9333 3438 3577 7895 4411 2796 9204 341
30 2717 8983 6258 1597 5912 5556 8365 7693 9203 6171 7082 3314 5913 609 7882 4737 6326 1338 9928 9016 9341 7252 7512 399 3224 6222 4552 2170 6055 9958
27 6423 5703 5245 7351 1095 8765 81 6160 3086 3606 83 1003 6182 5546 2278 9066 4187 6788 2650 7562 9722 4959 7396 1594 6169 2215 4881
27 3183 2332 5740 3950 8063 5520 7482 5435 1245 425 2613 5384 2643 5834 5691 2730 3180 1392 3418 8707 6349 622 5363 2434 5110 3148 1875
30 9340 957 8903 8481 8166 678 3373 1440 9362 8876 881 7068 5974 1170 539 6282 9091 6302 6924 2899 8269 2602 3497 6158 4209 7857 3081 5715 5257 6159
25 9111 4634 6488 1124 6348 365 1229 2538 8628 4732 8413 7953 7290 58 9046 9901 2861 1332 2199 3447 3239 5466 5215 8167 9784
29 3831 7324 5153 2144 3762 1560 5860 9394 5757 1767 3825 9952 6999 8371 2981 3657 2110 1225 2045 4863 3788 767 783 9065 9082 6821 2498 8062 8392
30 8724 7494 3302 5545 9752 5580 6369 7866 7142 9324 9368 7374 1176 4919 2683 2185 4167 1013 6487 1748 1649 7814 6642 1669 9450 7164 7261 3421 2565 2480
27 3155 2086 1060 9699 1429 2677 9571 7790 2194 5763 4262 1920 3065 4546 8796 7750 3885 2026 8233 9541 3600 5358 7052 469 566 4712 6784
31 2758 4766 5898 7969 6284 1055 3091 5759 1151 2280 2947 7958 6585 1929 3094 6375 815 7702 8333 4704 5602 7127 945 1084 3469 9034 9377 9679 1916 224 7207
28 9696 2191 9942 6770 1059 9665 1487 4627 3151 7513 3675 7709 300 9303 7005 7385 904 6494 8839 967 2458 2529 2575 1685 9715 4746 7050 3334
29 9168 5130 3811 9785 813 1165 7392 5916 2499 7765 4577 3011 9739 9367 989 2475 7236 9999 6387 9701 9530 5743 2934 4741 6745 2812 5536 9161 9307
28 4960 2765 6970 5134 5082 6681 7441 980 8638 5769 790 3315 1553 6457 30 6743 369 5692 8984 5929 6383 6926 7140 9863 9765 4954 1991 7885
32 3236 1846 1835 4050 7485 4175 484 7580 5510 8483 9979 4147 6192 7587 1661 3319 6058 595 8048 7226 7204 9605 5155 6339 6709 7770 9828 638 966 9838 6588 5255
26 804 8653 7698 8540 2469 1283 9856 9489 3887 9842 8318 3846 7873 8334 2077 7630 9852 4752 381 8825 9691 3135 3943 2778 1928 8784
30 8858 3460 656 8439 5005 3001 1994 8687 4432 6268 3603 8122 8047 8963 8185 6174 611 6653 3359 6689 8767 7819 5576 1514 2819 1943 3218 2814 7907 6164
28 13 5149 5475 2472 9123 9761 4309 2591 7870 1676 2474 3629 1952 1507 1858 588 6739 6140 9000 1388 6560 8179 9517 2844 7852 8619 7839 2518
30 1579 1437 4503 4259 4123 9484 7467 1897 3205 257 9089 1867 5292 9072 7058 3599 5958 2521 774 3372 3566 6831 1782 9789 8160 7754 860 6776 7837 1428
30 6975 1938 4660 3612 2295 2239 1222 7916 734 689 3435 6780 8956 3926 5373 8999 7273 8827 4991 867 3270 897 9569 8556 2360 4155 7730 8539 8514 4014
28 8551 1924 7496 2649 6677 3118 4788 9583 3912 1354 9375 3434 6813 3879 2589 1830 3799 3960 3261 495 1335 3053 695 1728 9080 7631 2213 960
31 4801 993 8267 9755 8841 5574 6618 6500 8001 6630 597 4657 7785 9228 8191 3801 2033 6930 4109 646 9162 9137 3217 4253 4999 4042 8965 4540 3540 5410 5107
28 2163 5771 8286 7161 968 4082 4903 3587 3388 8463 70 3407 9655 3303 9359 2256 4258 414 5957 1065 8720 3749 8433 6248 1227 9064 9991 8194
28 7849 9213 1021 7864 9322 3266 1053 7650 3934 1852 4124 4435 3134 2004 2845 3568 3113 9262 7262 1984 5338 3178 2486 3948 7856 7542 7817 3913
25 3922 7979 9492 5226 1076 9754 8873 3079 7405 290 739 3494 5840 2780 6134 1848 2564 5750 847 7092 3995 8690 9788 7553 8887
27 691 8383 2244 2263 6275 5229 7116 927 7202 8532 6287 6814 799 4748 3368 7013 9409 8276 7051 1362 9965 3521 8393 5813 951 9799 9354
28 8544 5973 4279 2343 5522 9147 1300 2433 8627 5293 1996 718 9654 5108 8489 8990 8401 2757 5479 5931 6605 1949 1586 5872 2976 889 6377 2103
25 8090 6392 6003 5129 779 5949 1236 7915 6747 91 4888 569 8335 9344 213 4693 2839 5977 9981 3395 6342 1529 2345 5386 6932
29 2440 7760 5914 4957 1890 3518 232 9059 3479 3212 9260 5906 6976 4179 2019 153 7834 2133 2460 6870 1617 9879 7567 2483 1841 1930 1313 6074 5644
33 2672 7643 9820 2241 2777 2906 9131 4046 8897 3182 2322 1238 8528 7062 4720 7330 9490 6484 5732 512 583 3162 370 6938 122 7469 6981 9253 6832 6901 5859 1181 870
28 3256 191 6936 6117 9120 6292 7773 1562 5879 2909 7761 2923 4153 4294 412 5646 3211 4756 4475 4159 4261 3874 8852 8323 6181 1010 2532 7341
26 9106 839 9951 6046 6754 2707 9853 4460 1168 7503 1724 7509 603 4723 2653 4902 4541 9432 5011 2102 8789 7520 6059 103 2467 7936
29 1587 7984 4458 2715 3623 3764 5 2096 1895 5742 3544 8144 3839 1314 9681 3470 5741 4742 742 3378 9210 1086 9503 3214 4580 9134 4680 4690 411
30 3902 698 7439 5997 663 9629 791 925 1419 3105 6206 3127 6873 6624 5270 5056 3571 9567 4706 3732 9199 1201 6109 8635 1337 7746 856 1655 8744 2504
26 9141 5721 9804 9073 4560 5182 9974 2232 9186 4163 3110 9158 1128 2014 4727 9525 2023 6333 853 4210 8747 2264 3909 7214 9188 2349
31 7735 9913 5908 7084 9079 2258 7375 975 8349 3770 9126 8728 3798 8611 5428 5268 449 7656 2229 801 4491 4234 9521 2392 4884 8002 1449 47 3157 9969 2681
31 4322 3128 1140 170 1462 7976 1865 5074 1096 8832 2935 1618 7247 1294 8242 5040 6353 6343 2192 8795 5164 9603 1108 2856 8940 4346 3457 8268 9431 2155 1766
30 7080 3929 7937 961 627 6402 3669 3170 5315 8131 6364 8889 1960 6954 6892 8422 4509 3129 7823 8138 3969 9911 104 9399 6201 8845 7966 1891 3038 9138
24 9742 7175 8049 6382 6410 9165 2435 261 7993 5911 5282 2761 428 4074 7231 1940 8091 9479 3022 5437 6251 6141 4762 6207
29 7828 78 2858 563 4622 173 7078 8993 3785 9067 8989 4430 1742 6846 9507 6757 5806 1823 6839 4686 3097 823 9977 4664 5650 5276 8061 8631 9438
30 8644 3551 8017 2252 4093 8494 8828 9499 472 9910 7046 4684 3360 782 3401 8490 2283 3805 4836 7573 7783 8280 1155 6852 8045 7281 7843 8070 4866 6246
28 2156 9594 1531 5653 1024 8766 5696 4745 2027 190 111 4921 7150 8255 3942 5727 3125 4027 342 3523 4206 7945 2553 942 6022 1327 6960 1185
29 8097 6543 7402 952 4250 6710 590 167 1836 8912 2763 7122 3488 8015 5075 1457 8190 8843 354 6270 608 4409 8994 9886 1601 9293 6325 9452 5953
30 3363 1204 5528 2876 7985 5448 8681 2609 1342 9220 5474 3300 1933 8008 4779 4090 9264 5252 8336 226 5663 9132 9063 7967 8510 2883 1323 950 3668 8465
27 2381 1752 1339 1380 9200 9990 8904 3774 5397 8145 2120 4423 6462 8370 3376 5899 9551 5920 9226 6602 6317 4360 8981 9950 3796 7593 1177
26 8598 8961 3316 5895 6600 4975 2832 883 8055 4898 9249 2416 376 7962 7701 7181 7832 3822 6232 4563 5762 6911 692 5667 7921 511
26 5959 4066 3476 1123 4553 7769 7960 5861 1207 6606 5600 4617 1103 947 5186 7943 2277 7818 6702 2282 6366 677 4270 7850 1533 1289
28 8709 6093 9685 2350 4400 7120 8624 1412 690 9885 5506 7284 4079 259 2171 6540 9712 8139 3776 4670 1591 6281 5946 1731 6798 3305 2556 3024
30 4467 3562 1359 9033 8052 6779 8410 6057 3784 2337 7268 8507 8435 751 8436 274 8031 999 2692 772 1987 6805 9859 9514 8736 6534 7517 2807 4184 8618
30 9581 7674 4797 2736 2418 629 489 7944 6393 5170 141 4031 2548 3975 1747 8859 7146 7829 5295 8662 9085 7182 9301 1633 1765 8893 4561 5481 4771 4644
24 2368 7633 9522 7724 3009 4867 4278 771 6361 4497 9760 5198 2753 1616 8702 5393 6834 6067 293 6066 6041 1629 4539 5681
27 8220 227 3679 9791 294 5682 2770 513 5639 1301 5659 9818 239 4383 3684 9355 4815 5205 1955 4362 2162 3661 5764 6503 6008 8360 7234
27 1965 4759 2766 4573 6816 7621 1610 3280 2646 7766 7983 8284 5994 2225 1832 1221 9595 1286 6107 3965 8664 754 1628 9535 7965 8037 2338
29 9151 5136 1492 2847 8693 2775 606 2238 8848 6097 7835 6648 3290 8755 802 8373 5426 3638 1471 8704 9048 1646 9108 2991 501 6783 9296 7652 6017
30 8595 1712 8934 8936 8746 6036 3114 6329 1307 2931 5811 997 2743 4277 157 8773 538 255 2490 488 366 9146 7339 459 3196 4197 4384 5507 2668 4275
29 8854 1573 2874 1776 7259 6819 9241 7541 4640 5976 1083 8943 1360 8536 529 7893 5095 1114 2663 6336 6645 2002 1162 8287 8192 4531 2915 6626 9109
31 3240 5326 1143 7109 9632 2608 8609 177 3156 2028 3431 5601 133 178 2032 9757 6323 2364 3109 2411 5853 2580 3115 8449 8706 7119 5649 3583 1705 5635 7820
27 377 5532 6234 931 6123 2334 6944 8581 6690 2009 359 225 6996 4157 8757 2131 549 9801 6370 4463 4036 4320 2088 4811 8298 1739 7260
30 929 9727 3914 5632 3707 93 979 3683 230 871 1163 6997 2463 8814 6399 9845 8650 9448 700 4842 8656 6514 4816 3673 8576 2571 617 2267 6065 2895
28 1959 8406 9248 4115 9075 68 8277 4486 5105 4089 7891 373 7345 1215 1482 917 6075 4740 2882 2073 1755 1997 3510 1333 205 2670 5991 4502
29 1711 7047 5846 5258 4887 706 2531 5163 4004 8042 9363 1320 9458 7267 9547 9630 3639 4399 1058 2240 5172 6661 8516 5937 12 3161 5473 5551 8909
27 1408 1704 8026 2339 7910 4545 6535 5749 2068 6352 9008 1308 1530 2307 3329 3549 1757 4711 7211 543 9331 6356 321 7002 6955 5065 3444
29 9814 9960 7148 7798 1691 7986 939 4358 106 7629 7071 5547 7928 3584 4295 8137 1146 3377 4118 6967 4499 5328 9657 2875 7998 1859 6360 5877 3570
31 6950 994 747 7992 8162 6657 9585 8970 9491 4263 7045 521 4140 6224 6024 7388 5924 3043 744 9518 8303 9875 9206 5449 6335 6532 6311 378 3957 547 2107
28 9888 8434 5041 6283 7144 1756 6395 5670 5935 6409 5169 7340 7560 4855 9081 8972 7898 6505 3252 8508 7224 5017 3014 7413 882 8589 8385 1212
26 5046 2554 1365 5462 5460 7249 780 1888 1039 1525 1000 8899 9179 305 3814 4496 6900 6043 1324 6886 8252 1682 9112 7223 6133 9018
27 1641 1285 7020 7147 7715 2489 3185 1009 110 4443 4689 8855 2080 4839 9077 2006 3248 4987 7023 5544 7686 4208 1129 6631 8522 1638 8816
26 9049 7539 6928 5156 1644 5461 2912 1631 5433 4137 9090 4428 6272 1761 4280 2945 2029 7447 6035 2484 2449 5342 8823 7192 5779 9410
28 6330 9826 5213 8432 3845 1907 8790 5303 408 3417 3813 8511 2355 8842 1094 7700 6841 7676 5487 3255 9245 1953 7445 9813 1305 1015 2444 6413
26 7609 6720 1779 208 9407 9955 5406 2654 7597 8931 5192 9068 8591 6006 5447 4623 3007 2702 5981 1311 5819 1105 4590 5562 4097 1298
30 8453 27 4701 4219 3844 6767 9454 2410 3745 8518 8944 7037 6800 8352 6378 1536 4492 2299 248 4770 7095 8985 8648 9713 486 8660 3226 7004 8479 4978
24 2993 9988 8875 8143 5151 2057 6919 6280 3908 1395 6612 8476 623 8975 1413 9295 3809 6679 5995 6080 2828 7654 953 2634
30 4469 7245 6425 3630 3455 2236 8820 5896 841 5900 4691 753 644 2685 8864 8675 1873 2697 7040 9316 6023 3000 1696 4848 6289 4020 480 1738 4707 9786
30 8502 6227 8995 5675 548 9076 9719 9315 3243 9949 2415 6672 6705 5964 3246 3978 3927 5287 6962 1400 8098 7964 1501 1982 1790 8058 7595 4224 6823 7917
28 746 6931 6785 1700 5883 9350 5296 9270 1898 7672 4687 8661 6367 249 7558 5746 3004 454 9566 9114 7 11 4663 3351 7801 6266 3531 1154
31 6570 4951 9787 665 6102 5940 2126 5875 9329 5142 7598 1908 5297 5664 5417 1494 5695 2462 9587 5331 8403 7920 8312 2079 2294 1378 464 9045 1559 3555 6575
30 6613 9435 3060 5467 2012 82 3620 4304 320 4575 5843 9412 7815 642 1085 3028 713 2704 1352 923 7129 9373 5264 9578 6801 7687 7029 4422 5950 4678
30 835 4764 8980 5815 9273 498 2966 7028 2937 9733 6185 9660 7949 6143 5230 5378 4328 1741 4787 7325 913 3658 8626 6899 6704 9170 5372 212 3285 4347
28 94 9194 7794 9635 5423 6105 5307 3158 8469 2955 3794 4583 5497 866 2326 4340 471 7098 272 136 6917 2545 737 7089 6564 4875 6596 5638
30 4852 5147 8404 5333 2860 3560 2642 164 7415 5146 5983 1988 7000 7056 9483 5567 3419 5927 246 2361 4245 3032 4459 7810 9244 8585 764 8683 2587 419
24 3423 8152 3149 2147 402 7607 6764 9317 1889 8215 4925 2428 2387 9103 4404 8571 8643 1432 2987 2269 8305 1237 4635 1508
26 4065 3873 5115 5566 4249 7151 9619 311 4542 9482 9983 7321 9923 2821 9598 2445 6054 1072 1910 4121 4646 4008 2385 7424 2016 3399
30 5588 5608 2330 8083 9606 3953 3537 4926 6622 9467 5496 1723 7816 3416 6175 9098 2740 247 5399 8806 5004 1979 5932 8742 1347 467 7729 2371 7471 1778
30 7229 1826 2563 3064 1758 3331 8754 1541 6286 8723 5053 4290 2891 8621 6072 2888 2333 6725 3282 8086 8430 2347 7551 4416 5575 1287 8270 6732 4977 7577
29 934 7511 8657 4034 3380 2755 8050 3803 2375 8213 4652 2092 8222 8780 4970 2593 9473 3466 3093 8563 7904 7074 8408 9476 7518 2275 5915 5712 8096
29 1187 4989 910 8438 4018 4030 4126 3780 4799 9006 9529 7811 8892 6951 6337 4602 5191 3576 9429 4464 6549 8473 3862 4449 8777 2885 7900 6947 7997
31 8607 7782 7335 7552 4717 3735 4248 4001 4069 7110 2892 8488 5035 5550 3364 4132 4402 2464 580 9469 8140 9867 9230 7064 9198 6019 8043 3289 1022 2386 6806
29 5325 4246 4769 1014 2166 738 704 4048 7361 1089 2132 8330 2998 3441 3382 559 8497 6127 7476 9746 5992 1729 3838 3478 7618 7371 6498 2594 9544
29 7901 5465 3312 7481 2003 2018 5446 308 1980 4665 5647 1444 199 909 1188 1052 9252 7053 2270 2420 6896 3569 9623 2694 9176 6920 2881 7049 6173
31 4107 4349 7922 1499 1675 8250 8865 4395 8328 3090 4229 7423 715 8278 237 1137 7909 4557 6678 6034 1334 3276 5468 9903 9582 2400 6184 1315 1864 9932 6614
28 5062 182 8592 487 2756 837 3203 851 9442 2680 391 7377 594 331 9964 2342 6594 9709 307 7373 9926 4508 7734 2093 7477 6881 6038 8180
29 9872 436 3618 3396 6016 3907 147 4350 5821 9737 5059 8350 1621 5214 5541 3880 5003 4513 5807 6194 3561 2284 7376 77 6909 8542 6149 3517 63
24 7132 596 4662 3462 9095 7412 4642 530 6295 1193 7334 4782 2520 2348 9050 4865 6106 1216 2621 29 9025 7789 5398 7368
31 2830 7031 3258 3172 928 4144 4487 7748 3487 3490 6697 4986 7588 7276 2568 8414 1732 4023 8379 4445 4971 8905 298 8836 6013 787 1881 2999 3474 5928 5698
30 671 1364 5127 2535 2384 9520 6990 5523 6037 7610 9993 4136 3456 6060 863 8558 9312 9427 9560 5422 3916 2081 7657 9945 4468 4367 3712 2737 3159 9343
32 9054 8078 7015 5237 1737 9772 9599 4478 7671 1127 1693 1557 4728 5905 9217 1068 6350 8175 8480 3432 1736 3031 6853 2461 1481 2336 3208 6431 788 9873 8694 6491
28 4189 2152 3027 7699 73 1160 7278 2176 9420 6820 1986 5818 4952 5000 8378 6483 1439 9122 3102 2112 2641 9348 6 3459 9347 3366 796 4300
27 3153 9984 2767 2815 8565 2137 1787 1882 9954 886 7131 5791 5848 2817 5972 5248 1117 9796 8459 1850 2619 7303 9208 4872 637 3188 2149
29 3190 8246 6265 9506 1588 1961 4722 5596 9531 5023 670 8894 7596 5611 7853 3034 9674 5655 329 8973 9775 8113 2109 8779 9099 7951 1697 5789 3818
28 3720 207 2365 811 8966 9721 5457 4264 3362 7450 7300 4032 844 5614 4438 7510 6372 1569 7627 1687 2787 9472 44 5337 1486 1454 5970 2936
29 558 4088 667 4195 2971 1740 2323 7489 4370 4958 465 3817 9664 6228 5443 5737 8119 5986 7027 1274 7565 458 8818 6053 809 7677 4923 5044 8387
26 9284 3911 9850 5210 8957 9395 3711 995 8067 4520 9233 3096 8051 7218 490 7585 8397 1075 8069 672 5888 9924 9620 2749 824 4594
29 4830 6845 4616 2145 9224 8464 679 6099 8553 9310 8680 3546 4825 567 3095 5804 1088 2432 9140 3204 7350 28 725 5719 8515 3717 2712 3173 1648
26 3233 8121 5492 4436 236 8234 9172 4889 4130 2116 7941 5716 2540 101 6884 985 3790 4781 5558 6077 7287 8533 3652 451 4767 711
27 7320 6154 3471 1595 3954 1016 9825 209 7369 4559 5687 6590 8857 1744 8355 254 6991 4094 2696 5034 8881 5039 9878 6028 7094 4419 5486
29 3384 1130 850 6620 4777 238 435 36 5322 1516 7455 2320 865 6716 3220 9283 9119 5114 4800 1654 1116 3206 146 2566 2824 6577 4352 8216 1635
28 4949 5383 5377 5917 9130 9940 7185 1368 1370 1189 3925 7876 1934 805 9250 1469 3884 2473 6789 4604 1202 5765 3397 517 1385 127 8898 9650
28 9443 3361 8080 6664 421 6794 3225 9533 4205 8398 1218 9593 778 2373 1636 514 325 8997 6087 7070 8354 8868 1478 6478 3958 3829 531 2894
26 5832 7871 5967 1448 3881 9915 674 6167 7664 3035 4504 5603 6601 9222 7778 2723 1426 7145 3165 4283 1877 8986 6189 4111 2494 9604
28 5673 4122 7695 1278 6459 9229 5748 5278 4938 5311 636 5909 5073 7124 7044 5982 9017 6863 4861 6571 7749 959 8030 2533 6415 3906 6576 7264
29 9714 4119 450 460 8697 2768 5368 9397 5302 1253 7304 8262 6456 6252 7459 8807 7682 2113 5103 3718 2733 4849 5469 9550 1375 4827 7934 3901 9556
32 7781 6197 1956 3694 6748 8890 6985 6389 4942 9425 8783 5856 3330 6927 3819 2811 5104 7500 1195 6611 3999 6314 1077 5140 3626 7154 6002 8164 4674 1367 2791 9837
32 4260 6497 493 7662 1186 350 6445 9219 4314 7299 9622 5570 3500 9078 3835 8248 557 5782 998 7692 1941 4357 9644 7193 7594 5722 6086 7659 1518 3589 1653 6240
27 7995 3921 9816 9874 1760 8913 902 6236 565 741 4822 1147 5306 6565 3287 3325 6827 3976 6604 5892 5364 2896 632 7713 556 8819 6371
27 3187 5336 446 3177 6746 4597 6551 6328 8477 1158 4243 8826 3807 1936 4378 2632 2200 1073 6132 5025 9536 3627 6797 5918 3872 4963 8640
31 3832 9861 2855 4166 405 357 2013 1178 2748 9406 4388 3234 2705 7336 3393 7564 982 6904 6120 4837 19 260 6723 880 4721 4666 940 3734 8715 7747 6422
30 3104 6257 8399 4455 2430 9268 5052 760 4025 1671 545 5768 9906 7443 2151 2631 7217 4656 9294 562 6122 9684 5710 3538 1546 4608 7991 818 1099 7492
26 6198 3878 7006 1964 5525 1430 792 1777 1555 4145 4544 1797 4417 8384 1504 8614 7779 7826 1844 8521 5676 347 5805 9100 6279 6627
28 9371 9459 5345 4286 3126 555 2728 8000 4736 7390 4374 8659 4564 8115 8597 4700 9421 2910 2118 727 5684 6840 2393 5615 3308 5633 9505 3279
26 9488 7216 8850 8949 9150 1241 6703 1932 3667 4828 1971 3055 9651 2010 6696 8217 1403 1845 7314 9369 1966 859 1266 1727 6012 5517
30 4760 3991 1191 896 9980 8778 6000 8517 6912 8623 7935 9703 1642 2114 1885 5076 5174 1950 9276 1087 3792 483 8382 8136 4984 6499 4683 4345 119 7887
28 9692 1312 5109 1398 8549 2218 7668 3610 117 9562 1799 1483 6915 3896 183 8901 8034 4924 9313 1107 5319 1318 3713 3649 3719 3800 6447 2423
27 3042 1062 1036 3 3919 163 3858 8506 7755 848 4647 3635 5874 9466 3961 2869 9653 2988 6934 6101 5019 4450 3752 426 4895 9423 4821
31 9246 9718 5185 5855 3186 6274 5277 3215 2799 2558 7195 3543 8686 3003 4713 7758 7155 7438 5631 4203 8853 7169 113 7220 8559 5184 9687 6332 1801 362 9895
27 9053 5941 1205 6935 5126 970 9393 184 2720 6893 9902 9800 1838 1272 6376 494 7848 7083 2700 1251 5089 5571 6293 3354 4897 2901 2528
31 7337 159 1330 273 6255 7026 9258 9238 185 5739 2161 7243 6581 3622 7589 8109 367 1567 3971 9922 5267 8856 3230 3691 9028 2510 5734 3138 4412 6511 3116
31 8372 6668 9031 3968 9751 9836 9242 2644 4950 7240 6331 3742 3955 1032 2944 2576 4226 3869 4359 6165 4216 137 876 8104 2437 8637 621 1672 9900 9995 2661
27 1788 7395 6463 4966 9304 9899 3984 2136 9798 5975 7387 3545 9370 9824 9381 1828 180 7208 3087 284 1703 197 349 9193 4592 1350 7540
28 2823 8472 4182 9589 3744 9735 2873 2738 4194 7036 7291 4127 2412 6941 2370 7007 7206 5212 1903 9214 6526 1078 8712 8174 3202 5960 126 9346
29 5801 8044 2711 7011 3703 5867 4521 6979 5597 9267 6773 2017 1358 4139 270 4738 2164 508 5697 4007 8703 7302 7101 2063 218 3237 120 4965 6216
27 4494 3075 1377 9052 6073 1794 6112 3532 400 5329 1319 116 3507 5519 6170 1341 8420 864 4595 3309 4932 5452 2054 5845 3529 503 9478
28 7545 336 7579 6504 6516 2536 6815 4185 5070 5480 334 4019 8231 5202 9290 8210 7499 6146 6894 1355 7780 2089 6771 9508 2203 6052 9152 8314
29 8085 476 8797 7323 8884 9537 4628 1064 1545 200 4292 7706 4316 2984 3983 3552 2949 912 5923 5866 520 7454 6260 7616 9143 3607 7772 2969 1397
24 5645 4974 3643 3005 4636 6231 1138 2771 2735 4500 7525 7328 4199 6698 645 716 7333 1733 2377 6501 3688 3655 7741 5320
28 7382 687 2005 5583 4976 6027 8655 7305 5175 394 4081 6544 1249 2327 461 268 5179 7548 267 5785 5445 1018 2784 8165 714 936 3554 6014
30 2234 9887 9695 8885 6363 2037 4716 2687 6553 2689 8458 4785 9501 7114 3721 5409 222 2226 2929 5672 8921 4225 5961 821 3706 3207 7123 5033 7272 9558
32 6261 3179 144 2042 2933 8714 3267 8154 2679 8668 1792 1849 4658 7344 6684 3616 131 5239 4191 444 1502 2216 9516 898 5120 8241 6838 4698 4297 5851 6121 7417
27 4114 1109 1976 7890 9884 5499 7896 3480 168 3392 7753 161 4985 861 664 4525 7310 5139 8342 1513 932 3614 7152 5586 3092 6730 4361
30 2921 6812 2607 5262 5999 6322 62 7239 8718 5610 8462 1435 5100 8666 6213 5577 2224 7210 5773 8429 3964 7266 7403 7255 699 1874 561 6142 3748 6479
27 6021 4870 2813 4067 4795 7022 2142 5878 5028 1647 9092 522 673 2485 4125 9570 2128 3737 7398 206 6579 5408 9004 8077 6524 7861 7886
34 9475 7576 3519 6910 4817 6753 2853 8441 6675 620 6436 8677 3191 8665 6429 1029 1853 5346 9647 4372 3915 2605 9496 4403 752 8554 9041 2703 9927 2123 6762 1615 9866 2786
28 42 6669 6983 2051 7253 8663 2301 134 7038 5222 7484 7091 1045 7288 3061 9002 4332 4051 8135 7634 1296 1328 9221 1119 9572 5256 2530 7996
28 2209 8654 8297 4151 3050 3716 5585 4298 941 7955 7473 2509 2408 8089 2615 5606 3271 5880 618 1901 8785 114 6139 2926 4798 5092 9255 3143
28 8299 4060 6796 6113 9384 5144 7279 4355 1770 6615 8689 2924 8345 8142 6448 729 5531 6512 6110 7913 3750 8748 9819 1396 2620 6573 8351 4254
28 1472 3119 816 2228 1264 2710 7203 9546 1839 431 9851 5802 8562 1630 9280 5122 5808 6628 3723 8300 4198 4133 808 9069 9953 2516 9802 9724
27 1824 2202 9561 817 7752 6304 7777 8325 9793 2818 3317 3136 337 1054 4054 4240 8087 5431 4618 2871 7897 2559 4105 3940 5787 9330 5988
26 7186 4303 89 3442 4607 4639 3164 2788 5403 2183 5963 3010 5689 8362 5731 4645 9156 9487 763 8674 1232 5341 9318 7490 3816 5618
29 2550 8424 4773 4937 6868 1600 1340 9339 3802 2835 8976 310 1262 9609 4149 8295 2639 524 7547 6193 9195 9493 3424 8987 20 8416 9527 2291 9697
30 286 8523 4581 2573 2253 9096 7158 8285 9107 6727 1668 7802 2852 2887 1870 1498 6895 6453 3458 1606 1743 6937 786 8922 6131 8606 2505 6495 3404 7533
26 3581 8394 7648 2701 784 4495 6452 6218 4566 4726 7039 7877 2826 3508 9024 4493 1970 3736 8054 9631 2250 894 3840 4682 6496 4329
30 1030 5537 2633 8327 7327 8256 5700 9500 9720 868 8206 8813 8630 1664 8498 379 3499 6940 388 6529 8444 6241 6592 1017 1947 7156 3697 1001 7063 7649
26 3636 8504 1196 2293 504 1373 2394 466 7275 4002 7282 2842 475 1781 834 9783 1645 9532 242 7619 4783 7463 8582 516 2809 6135
29 9543 5049 3324 6294 5207 2965 2468 2674 7988 8418 4241 2100 510 3730 4992 6861 7994 2754 6004 6118 890 6694 2374 3699 8112 8658 4490 7165 4037
26 6897 4071 26 1795 589 2622 2352 3122 1620 3379 3430 838 1894 1552 3820 8107 5415 3485 9519 346 5232 7930 2306 5042 6088 2507
28 2713 3628 5077 1100 1080 8872 1750 9084 7812 3678 7824 4519 3695 3147 2287 5299 4614 2173 7428 6958 3017 4558 3023 8306 5225 4479 8068 8932
31 3492 6557 1842 5387 8547 1210 2036 8920 9380 9970 7209 1899 5847 1418 6147 2372 4955 3327 2319 6285 5414 8359 5792 3426 6887 2491 8520 8729 9968 9383 7718
29 625 4796 7787 7694 6245 3347 6902 7800 3167 3398 9821 9057 1044 3390 4148 4676 56 7673 976 7640 8676 4269 8014 3450 9124 6161 4337 852 9860
28 2452 9157 3524 291 1025 8111 319 2960 1519 3058 6191 3121 4456 3284 7431 3674 2341 9419 2402 3428 3787 6536 8102 9849 8117 6303 4268 1522
31 2139 6595 2399 6655 6718 8594 5436 956 1269 1326 4990 1144 3685 3771 9279 48 2549 9830 7635 355 5283 7067 1510 5316 8738 5593 7107 6269 1106 1868 3580
32 482 5889 1037 702 462 4917 8375 5177 7931 8358 3402 4582 1962 4045 2413 3301 9794 613 2951 840 9846 1523 5339 1381 2285 9948 1937 717 8376 6490 4418 4962
30 3590 8740 3295 7331 6580 5901 6128 8322 5407 2286 7727 1069 2276 4382 5006 4448 5505 884 7093 1240 9511 657 9972 4613 7972 2268 9001 8583 7315 496
31 4397 3496 8579 7380 7442 4053 7488 1542 2266 8022 9439 8289 6572 6586 1754 8066 2893 386 1391 4946 279 3365 3789 770 735 3559 634 6907 2143 9748 694
28 9662 5097 7219 6869 5148 1250 9133 9274 4193 3286 7939 1490 2220 4373 1719 112 3602 4299 6247 2932 6391 37 9277 1811 9563 166 4516 4775
27 688 5069 8952 5680 1239 15 7296 1174 2083 6473 3743 1371 4749 1406 1261 6621 9659 1640 1992 2421 4624 6818 9320 2667 574 5365 5002
32 8172 395 34 3268 3733 1505 2868 9289 9240 1603 5704 2178 2699 3174 7308 7199 984 263 7159 8116 6400 8608 7034 6477 1110 1183 8243 7604 235 3072 869 5208
29 9890 9447 8205 8625 6030 6374 8339 5313 2992 4931 9451 4062 8917 7105 6878 2354 3889 3464 1780 6760 4911 3012 3140 9291 9523 8979 9916 4832 5987
25 9282 4803 9202 60 289 3680 9745 8791 6385 4212 6310 9311 5720 4434 6953 4853 7160 1561 5250 296 2422 442 7903 2678 124
32 3516 9361 3044 8003 8615 9811 8442 4076 8645 8493 4363 3791 5793 6354 2121 877 2982 5790 8847 7813 361 2515 2208 7452 4920 8739 2197 2308 2311 7726 849 8753
26 1817 4794 6237 158 8910 5369 409 1118 1233 5830 9300 5962 8200 7271 326 7959 3751 4912 3624 2302 7791 9030 8731 7270 5227 3021
31 9858 1134 188 1139 3238 3696 1414 5228 5512 7614 6215 4873 1650 7104 2675 3894 8341 3574 8259 3594 5321 3617 5933 6071 9602 4108 5812 3522 4461 9404 9918
32 7642 5008 1491 8118 2205 4186 6262 215 5116 7317 8178 6523 6188 4190 7863 2724 3759 6298 198 7546 1632 1720 9776 3244 935 8719 6848 1357 2848 4961 696 3436
30 5876 3704 6879 1745 404 7721 5683 9391 5360 2457 8025 943 9216 8538 6137 3849 1451 3963 1453 1450 1722 3223 1827 5234 4012 1716 5344 8412 2957 1596
26 8896 5354 1067 7060 2212 3513 9436 8004 4533 7429 4743 1771 3514 8688 4414 9717 4441 2047 1463 1912 7987 3141 5101 9698 8768 4625
27 2772 4805 5952 4327 5308 1969 6966 7191 8793 1883 3481 5694 5533 7491 1382 169 6617 244 5458 4536 6688 749 9904 6305 4339 5897 1851
28 2996 5030 626 1260 3702 6731 3997 2450 7691 3427 3892 1002 9871 9464 6063 5379 8148 211 7571 5078 4022 151 5677 8032 1820 8743 1268 1627
26 9038 3505 4214 2524 6822 6411 6538 2055 9575 2577 6989 4128 2315 6119 3473 6555 6734 2816 410 9486 3154 8105 8290 2616 3645 9510
28 9740 3937 2265 5886 3201 9251 5244 8201 3741 9889 6033 135 2590 1919 6719 5072 6939 6528 5362 7057 4731 6489 5665 7602 5569 9607 6179 7364
29 7256 1568 4543 915 8346 7867 4096 9121 1998 9753 6609 3298 5200 7130 3477 7126 1458 8867 803 2660 535 9401 6964 2363 1479 7807 7938 3107 3808
26 3491 1113 1415 1417 4983 8204 5084 1427 9526 3778 1402 123 5026 6124 7628 8496 6469 7085 3133 2366 5686 8788 8555 6480 7362 233
28 2922 5524 2785 6155 1913 676 2838 107 5401 6233 5904 6856 560 5327 1023 2657 1866 6220 4763 6219 5745 6525 6209 5824 8302 4947 3758 624
29 9014 5966 8733 2526 5654 662 8381 8641 1020 3863 1097 7258 8761 9617 193 303 2246 4854 5605 2628 8716 6913 4038 3930 9023 6068 1255 3663 4659
26 660 8440 7458 1612 422 5925 6267 5071 7400 3893 9618 5839 6362 6530 5775 4035 8181 8531 5190 9865 4615 6988 9113 1270 3101 4605
26 3766 5503 2570 8282 605 2429 8924 5784 6652 4095 3310 8721 831 6786 2245 8491 4330 759 3307 9652 2248 5261 6533 1209 3918 6537
30 2698 8366 4006 9612 7667 7176 9485 8991 3715 5822 4945 6918 384 8824 55 6208 5842 9426 7591 9823 776 9086 7444 5776 581 5489 6217 7608 8805 4131
28 4967 9688 5934 2353 4005 4673 2541 4858 2064 8499 9173 39 7549 8149 8124 3463 7221 5617 1977 6700 148 9269 857 3727 7106 1399 2716 85
24 6319 4765 2069 3763 8193 4152 7065 9994 743 7009 1667 7757 6837 2806 8529 3761 3089 712 8127 9335 5471 3664 9615 7153
27 7855 4447 8170 3322 1608 9223 4393 2303 5490 1309 3131 5488 4515 9455 4106 3056 4826 9480 8 7434 4537 3070 5374 9094 5231 8114 697
26 1386 3827 2614 5416 6556 3556 1420 8603 9376 3797 6707 71 9035 954 5943 1 5340 1376 5893 7425 4255 1254 2572 240 5470 7688
28 9764 528 1809 1659 6341 3558 3821 8182 4158 4489 5382 6010 918 1856 3437 4421 7292 4812 8612 4894 5922 1995 6636 3041 9962 2380 3642 9577
28 654 4481 6857 5658 7232 2358 4315 4483 8264 8147 8967 2325 5063 6772 8960 2043 1351 9070 7570 7665 9306 7306 1812 6153 7474 1150 7805 3080
29 2146 8364 4068 5233 4757 1441 1810 4874 2021 3515 5024 4591 9434 6450 1122 8283 1336 7079 875 992 3924 142 4000 195 891 7926 2585 5375 7162
28 2378 6610 1348 3681 1197 5693 7637 9235 9989 6225 2062 7432 189 7859 8691 8129 9877 6199 6297 921 2117 5381 6858 3998 8485 3962 946 8879
28 1925 2090 7030 3693 6756 1042 8454 3904 380 2552 7076 4344 2539 8332 4371 1905 1706 5385 4482 5165 4308 8888 3066 3710 9463 6722 2067 3057
34 2414 1896 7448 256 1818 5456 7842 8471 4377 5274 7784 420 5064 1489 4603 7265 4488 9209 4321 842 8186 8056 3967 9693 5589 3841 4905 2405 453 3328 3083 5527 3048 2879
29 8669 8227 6092 2186 7603 6563 6464 7381 9675 6795 9762 353 1436 2235 1914 6384 4470 66 3621 7143 5203 1005 3084 8247 5747 4890 1235 9555 2980
28 5266 3425 6001 90 7295 3557 5706 2242 456 6971 1694 4092 109 2390 4551 7035 2206 2714 8908 7479 944 9663 4462 5657 4688 1263 2850 819
29 1942 3775 2305 416 7177 3951 2747 6686 9781 1082 4204 4047 7531 3199 5135 96 7081 2975 1284 6047 3296 3257 3947 614 6076 5032 2968 3472 4916
31 8128 3025 3339 6351 4156 3949 7719 9540 8005 2843 5121 5781 584 2560 5450 1383 2447 7889 4162 6965 9730 5640 1159 8923 8838 8633 2211 390 7178 4871 6787
30 4904 1556 3698 2693 6421 9961 4302 4251 1203 3654 7409 2760 5106 3273 6082 2546 8610 5956 1488 3077 7599 1658 4342 18 4369 3959 2105 5836 3952 592
28 8545 523 7708 8751 4507 8634 1322 9182 8874 2989 7942 8821 8878 2551 2187 8095 17 6243 5616 5145 7933 8275 3015 990 6842 4526 6320 9212
30 2091 5482 1670 3987 479 2479 2053 5424 4452 4562 6750 5390 2948 2900 8038 5752 6706 2508 6775 5825 8208 2476 8388 374 7524 3936 3979 4135 4512 3595
28 5254 8177 8386 906 5945 2599 7878 8588 363 1683 4844 67 922 4180 7012 6629 5037 8158 905 5980 7254 6691 4029 7125 497 8810 1990 6090
28 1512 2803 5865 7516 3836 1093 9907 4282 3272 9149 9771 7847 5083 1126 1166 2300 6009 4365 649 2598 757 8427 8622 8772 5844 6264 3826 6835
29 9957 9288 846 271 3150 6520 7430 434 4387 6472 1306 2011 6115 9185 4943 5027 6527 9396 2676 885 6733 4705 9610 7508 5907 172 1369 4364 8799
27 5939 4568 5511 3099 7180 2154 794 1821 8798 4168 1880 5118 4375 3269 4113 9564 5123 4498 1026 4041 4850 7523 6782 4196 7435 6663 8964
28 7297 8492 6959 1192 3051 3412 8006 2310 1485 6277 4223 5869 2833 693 318 1973 6792 8271 5627 1180 1570 1297 4228 892 6883 6637 9768 2249
